0 info it worked if it ends with ok
1 verbose cli [ 'node', '/usr/local/bin/npm', 'install' ]
2 info using npm@1.4.28
3 info using node@v0.10.33
4 warn package.json node-server-boilerplate@0.0.0 No repository field.
5 verbose readDependencies using package.json deps
6 verbose install where, deps [ '/Users/user/Desktop/catan-node-server',
6 verbose install   [ 'body-parser',
6 verbose install     'debug',
6 verbose install     'express',
6 verbose install     'http-error',
6 verbose install     'lodash',
6 verbose install     'matchdep',
6 verbose install     'mongoose',
6 verbose install     'node-dev',
6 verbose install     'sqlite3',
6 verbose install     'frisby',
6 verbose install     'grunt-jsdoc',
6 verbose install     'jasmine' ] ]
7 info preinstall node-server-boilerplate@0.0.0
8 verbose readDependencies using package.json deps
9 verbose cache add [ 'express@^4.12.2', null ]
10 verbose cache add name=undefined spec="express@^4.12.2" args=["express@^4.12.2",null]
11 verbose parsed url { protocol: null,
11 verbose parsed url   slashes: null,
11 verbose parsed url   auth: null,
11 verbose parsed url   host: null,
11 verbose parsed url   port: null,
11 verbose parsed url   hostname: null,
11 verbose parsed url   hash: null,
11 verbose parsed url   search: null,
11 verbose parsed url   query: null,
11 verbose parsed url   pathname: 'express@^4.12.2',
11 verbose parsed url   path: 'express@^4.12.2',
11 verbose parsed url   href: 'express@^4.12.2' }
12 verbose cache add [ 'http-error@0.0.5', null ]
13 verbose cache add name=undefined spec="http-error@0.0.5" args=["http-error@0.0.5",null]
14 verbose parsed url { protocol: null,
14 verbose parsed url   slashes: null,
14 verbose parsed url   auth: null,
14 verbose parsed url   host: null,
14 verbose parsed url   port: null,
14 verbose parsed url   hostname: null,
14 verbose parsed url   hash: null,
14 verbose parsed url   search: null,
14 verbose parsed url   query: null,
14 verbose parsed url   pathname: 'http-error@0.0.5',
14 verbose parsed url   path: 'http-error@0.0.5',
14 verbose parsed url   href: 'http-error@0.0.5' }
15 verbose cache add name="express" spec="^4.12.2" args=["express","^4.12.2"]
16 verbose parsed url { protocol: null,
16 verbose parsed url   slashes: null,
16 verbose parsed url   auth: null,
16 verbose parsed url   host: null,
16 verbose parsed url   port: null,
16 verbose parsed url   hostname: null,
16 verbose parsed url   hash: null,
16 verbose parsed url   search: null,
16 verbose parsed url   query: null,
16 verbose parsed url   pathname: '^4.12.2',
16 verbose parsed url   path: '^4.12.2',
16 verbose parsed url   href: '^4.12.2' }
17 verbose addNamed [ 'express', '^4.12.2' ]
18 verbose addNamed [ null, '>=4.12.2-0 <5.0.0-0' ]
19 verbose cache add name="http-error" spec="0.0.5" args=["http-error","0.0.5"]
20 verbose parsed url { protocol: null,
20 verbose parsed url   slashes: null,
20 verbose parsed url   auth: null,
20 verbose parsed url   host: null,
20 verbose parsed url   port: null,
20 verbose parsed url   hostname: null,
20 verbose parsed url   hash: null,
20 verbose parsed url   search: null,
20 verbose parsed url   query: null,
20 verbose parsed url   pathname: '0.0.5',
20 verbose parsed url   path: '0.0.5',
20 verbose parsed url   href: '0.0.5' }
21 verbose addNamed [ 'http-error', '0.0.5' ]
22 verbose addNamed [ '0.0.5', '0.0.5' ]
23 silly lockFile 4a9dd575-express-4-12-2 express@^4.12.2
24 verbose lock express@^4.12.2 /Users/user/.npm/4a9dd575-express-4-12-2.lock
25 silly lockFile 3b47d069-http-error-0-0-5 http-error@0.0.5
26 verbose lock http-error@0.0.5 /Users/user/.npm/3b47d069-http-error-0-0-5.lock
27 verbose cache add [ 'lodash@~3.4.0', null ]
28 verbose cache add name=undefined spec="lodash@~3.4.0" args=["lodash@~3.4.0",null]
29 verbose parsed url { protocol: null,
29 verbose parsed url   slashes: null,
29 verbose parsed url   auth: null,
29 verbose parsed url   host: null,
29 verbose parsed url   port: null,
29 verbose parsed url   hostname: null,
29 verbose parsed url   hash: null,
29 verbose parsed url   search: null,
29 verbose parsed url   query: null,
29 verbose parsed url   pathname: 'lodash@~3.4.0',
29 verbose parsed url   path: 'lodash@~3.4.0',
29 verbose parsed url   href: 'lodash@~3.4.0' }
30 verbose cache add name="lodash" spec="~3.4.0" args=["lodash","~3.4.0"]
31 verbose parsed url { protocol: null,
31 verbose parsed url   slashes: null,
31 verbose parsed url   auth: null,
31 verbose parsed url   host: null,
31 verbose parsed url   port: null,
31 verbose parsed url   hostname: null,
31 verbose parsed url   hash: null,
31 verbose parsed url   search: null,
31 verbose parsed url   query: null,
31 verbose parsed url   pathname: '~3.4.0',
31 verbose parsed url   path: '~3.4.0',
31 verbose parsed url   href: '~3.4.0' }
32 verbose addNamed [ 'lodash', '~3.4.0' ]
33 verbose addNamed [ null, '>=3.4.0-0 <3.5.0-0' ]
34 silly lockFile 18822c68-lodash-3-4-0 lodash@~3.4.0
35 verbose lock lodash@~3.4.0 /Users/user/.npm/18822c68-lodash-3-4-0.lock
36 verbose cache add [ 'matchdep@^0.3.0', null ]
37 verbose cache add name=undefined spec="matchdep@^0.3.0" args=["matchdep@^0.3.0",null]
38 verbose parsed url { protocol: null,
38 verbose parsed url   slashes: null,
38 verbose parsed url   auth: null,
38 verbose parsed url   host: null,
38 verbose parsed url   port: null,
38 verbose parsed url   hostname: null,
38 verbose parsed url   hash: null,
38 verbose parsed url   search: null,
38 verbose parsed url   query: null,
38 verbose parsed url   pathname: 'matchdep@^0.3.0',
38 verbose parsed url   path: 'matchdep@^0.3.0',
38 verbose parsed url   href: 'matchdep@^0.3.0' }
39 verbose cache add [ 'mongoose@^3.8.24', null ]
40 verbose cache add name=undefined spec="mongoose@^3.8.24" args=["mongoose@^3.8.24",null]
41 verbose parsed url { protocol: null,
41 verbose parsed url   slashes: null,
41 verbose parsed url   auth: null,
41 verbose parsed url   host: null,
41 verbose parsed url   port: null,
41 verbose parsed url   hostname: null,
41 verbose parsed url   hash: null,
41 verbose parsed url   search: null,
41 verbose parsed url   query: null,
41 verbose parsed url   pathname: 'mongoose@^3.8.24',
41 verbose parsed url   path: 'mongoose@^3.8.24',
41 verbose parsed url   href: 'mongoose@^3.8.24' }
42 verbose cache add name="matchdep" spec="^0.3.0" args=["matchdep","^0.3.0"]
43 verbose parsed url { protocol: null,
43 verbose parsed url   slashes: null,
43 verbose parsed url   auth: null,
43 verbose parsed url   host: null,
43 verbose parsed url   port: null,
43 verbose parsed url   hostname: null,
43 verbose parsed url   hash: null,
43 verbose parsed url   search: null,
43 verbose parsed url   query: null,
43 verbose parsed url   pathname: '^0.3.0',
43 verbose parsed url   path: '^0.3.0',
43 verbose parsed url   href: '^0.3.0' }
44 verbose addNamed [ 'matchdep', '^0.3.0' ]
45 verbose addNamed [ null, '>=0.3.0-0 <0.4.0-0' ]
46 silly lockFile 929cf857-matchdep-0-3-0 matchdep@^0.3.0
47 verbose lock matchdep@^0.3.0 /Users/user/.npm/929cf857-matchdep-0-3-0.lock
48 verbose cache add [ 'node-dev@^2.6.1', null ]
49 verbose cache add name=undefined spec="node-dev@^2.6.1" args=["node-dev@^2.6.1",null]
50 verbose parsed url { protocol: null,
50 verbose parsed url   slashes: null,
50 verbose parsed url   auth: null,
50 verbose parsed url   host: null,
50 verbose parsed url   port: null,
50 verbose parsed url   hostname: null,
50 verbose parsed url   hash: null,
50 verbose parsed url   search: null,
50 verbose parsed url   query: null,
50 verbose parsed url   pathname: 'node-dev@^2.6.1',
50 verbose parsed url   path: 'node-dev@^2.6.1',
50 verbose parsed url   href: 'node-dev@^2.6.1' }
51 verbose cache add name="mongoose" spec="^3.8.24" args=["mongoose","^3.8.24"]
52 verbose parsed url { protocol: null,
52 verbose parsed url   slashes: null,
52 verbose parsed url   auth: null,
52 verbose parsed url   host: null,
52 verbose parsed url   port: null,
52 verbose parsed url   hostname: null,
52 verbose parsed url   hash: null,
52 verbose parsed url   search: null,
52 verbose parsed url   query: null,
52 verbose parsed url   pathname: '^3.8.24',
52 verbose parsed url   path: '^3.8.24',
52 verbose parsed url   href: '^3.8.24' }
53 verbose addNamed [ 'mongoose', '^3.8.24' ]
54 verbose addNamed [ null, '>=3.8.24-0 <4.0.0-0' ]
55 silly lockFile 4c067df3-mongoose-3-8-24 mongoose@^3.8.24
56 verbose lock mongoose@^3.8.24 /Users/user/.npm/4c067df3-mongoose-3-8-24.lock
57 verbose cache add [ 'sqlite3@^3.0.5', null ]
58 verbose cache add name=undefined spec="sqlite3@^3.0.5" args=["sqlite3@^3.0.5",null]
59 verbose parsed url { protocol: null,
59 verbose parsed url   slashes: null,
59 verbose parsed url   auth: null,
59 verbose parsed url   host: null,
59 verbose parsed url   port: null,
59 verbose parsed url   hostname: null,
59 verbose parsed url   hash: null,
59 verbose parsed url   search: null,
59 verbose parsed url   query: null,
59 verbose parsed url   pathname: 'sqlite3@^3.0.5',
59 verbose parsed url   path: 'sqlite3@^3.0.5',
59 verbose parsed url   href: 'sqlite3@^3.0.5' }
60 verbose cache add [ 'frisby@^0.8.5', null ]
61 verbose cache add name=undefined spec="frisby@^0.8.5" args=["frisby@^0.8.5",null]
62 verbose parsed url { protocol: null,
62 verbose parsed url   slashes: null,
62 verbose parsed url   auth: null,
62 verbose parsed url   host: null,
62 verbose parsed url   port: null,
62 verbose parsed url   hostname: null,
62 verbose parsed url   hash: null,
62 verbose parsed url   search: null,
62 verbose parsed url   query: null,
62 verbose parsed url   pathname: 'frisby@^0.8.5',
62 verbose parsed url   path: 'frisby@^0.8.5',
62 verbose parsed url   href: 'frisby@^0.8.5' }
63 verbose cache add [ 'grunt-jsdoc@~0.5.8', null ]
64 verbose cache add name=undefined spec="grunt-jsdoc@~0.5.8" args=["grunt-jsdoc@~0.5.8",null]
65 verbose parsed url { protocol: null,
65 verbose parsed url   slashes: null,
65 verbose parsed url   auth: null,
65 verbose parsed url   host: null,
65 verbose parsed url   port: null,
65 verbose parsed url   hostname: null,
65 verbose parsed url   hash: null,
65 verbose parsed url   search: null,
65 verbose parsed url   query: null,
65 verbose parsed url   pathname: 'grunt-jsdoc@~0.5.8',
65 verbose parsed url   path: 'grunt-jsdoc@~0.5.8',
65 verbose parsed url   href: 'grunt-jsdoc@~0.5.8' }
66 verbose cache add [ 'jasmine@^2.2.1', null ]
67 verbose cache add name=undefined spec="jasmine@^2.2.1" args=["jasmine@^2.2.1",null]
68 verbose parsed url { protocol: null,
68 verbose parsed url   slashes: null,
68 verbose parsed url   auth: null,
68 verbose parsed url   host: null,
68 verbose parsed url   port: null,
68 verbose parsed url   hostname: null,
68 verbose parsed url   hash: null,
68 verbose parsed url   search: null,
68 verbose parsed url   query: null,
68 verbose parsed url   pathname: 'jasmine@^2.2.1',
68 verbose parsed url   path: 'jasmine@^2.2.1',
68 verbose parsed url   href: 'jasmine@^2.2.1' }
69 verbose cache add [ 'body-parser@^1.12.0', null ]
70 verbose cache add name=undefined spec="body-parser@^1.12.0" args=["body-parser@^1.12.0",null]
71 verbose parsed url { protocol: null,
71 verbose parsed url   slashes: null,
71 verbose parsed url   auth: null,
71 verbose parsed url   host: null,
71 verbose parsed url   port: null,
71 verbose parsed url   hostname: null,
71 verbose parsed url   hash: null,
71 verbose parsed url   search: null,
71 verbose parsed url   query: null,
71 verbose parsed url   pathname: 'body-parser@^1.12.0',
71 verbose parsed url   path: 'body-parser@^1.12.0',
71 verbose parsed url   href: 'body-parser@^1.12.0' }
72 verbose cache add [ 'debug@^2.1.2', null ]
73 verbose cache add name=undefined spec="debug@^2.1.2" args=["debug@^2.1.2",null]
74 verbose parsed url { protocol: null,
74 verbose parsed url   slashes: null,
74 verbose parsed url   auth: null,
74 verbose parsed url   host: null,
74 verbose parsed url   port: null,
74 verbose parsed url   hostname: null,
74 verbose parsed url   hash: null,
74 verbose parsed url   search: null,
74 verbose parsed url   query: null,
74 verbose parsed url   pathname: 'debug@^2.1.2',
74 verbose parsed url   path: 'debug@^2.1.2',
74 verbose parsed url   href: 'debug@^2.1.2' }
75 verbose cache add name="node-dev" spec="^2.6.1" args=["node-dev","^2.6.1"]
76 verbose parsed url { protocol: null,
76 verbose parsed url   slashes: null,
76 verbose parsed url   auth: null,
76 verbose parsed url   host: null,
76 verbose parsed url   port: null,
76 verbose parsed url   hostname: null,
76 verbose parsed url   hash: null,
76 verbose parsed url   search: null,
76 verbose parsed url   query: null,
76 verbose parsed url   pathname: '^2.6.1',
76 verbose parsed url   path: '^2.6.1',
76 verbose parsed url   href: '^2.6.1' }
77 verbose addNamed [ 'node-dev', '^2.6.1' ]
78 verbose addNamed [ null, '>=2.6.1-0 <3.0.0-0' ]
79 silly lockFile 564b1059-node-dev-2-6-1 node-dev@^2.6.1
80 verbose lock node-dev@^2.6.1 /Users/user/.npm/564b1059-node-dev-2-6-1.lock
81 verbose cache add name="sqlite3" spec="^3.0.5" args=["sqlite3","^3.0.5"]
82 verbose parsed url { protocol: null,
82 verbose parsed url   slashes: null,
82 verbose parsed url   auth: null,
82 verbose parsed url   host: null,
82 verbose parsed url   port: null,
82 verbose parsed url   hostname: null,
82 verbose parsed url   hash: null,
82 verbose parsed url   search: null,
82 verbose parsed url   query: null,
82 verbose parsed url   pathname: '^3.0.5',
82 verbose parsed url   path: '^3.0.5',
82 verbose parsed url   href: '^3.0.5' }
83 verbose addNamed [ 'sqlite3', '^3.0.5' ]
84 verbose addNamed [ null, '>=3.0.5-0 <4.0.0-0' ]
85 silly lockFile d6e0bc02-sqlite3-3-0-5 sqlite3@^3.0.5
86 verbose lock sqlite3@^3.0.5 /Users/user/.npm/d6e0bc02-sqlite3-3-0-5.lock
87 verbose cache add name="frisby" spec="^0.8.5" args=["frisby","^0.8.5"]
88 verbose parsed url { protocol: null,
88 verbose parsed url   slashes: null,
88 verbose parsed url   auth: null,
88 verbose parsed url   host: null,
88 verbose parsed url   port: null,
88 verbose parsed url   hostname: null,
88 verbose parsed url   hash: null,
88 verbose parsed url   search: null,
88 verbose parsed url   query: null,
88 verbose parsed url   pathname: '^0.8.5',
88 verbose parsed url   path: '^0.8.5',
88 verbose parsed url   href: '^0.8.5' }
89 verbose addNamed [ 'frisby', '^0.8.5' ]
90 verbose addNamed [ null, '>=0.8.5-0 <0.9.0-0' ]
91 silly lockFile 9ff7542f-frisby-0-8-5 frisby@^0.8.5
92 verbose lock frisby@^0.8.5 /Users/user/.npm/9ff7542f-frisby-0-8-5.lock
93 verbose cache add name="grunt-jsdoc" spec="~0.5.8" args=["grunt-jsdoc","~0.5.8"]
94 verbose parsed url { protocol: null,
94 verbose parsed url   slashes: null,
94 verbose parsed url   auth: null,
94 verbose parsed url   host: null,
94 verbose parsed url   port: null,
94 verbose parsed url   hostname: null,
94 verbose parsed url   hash: null,
94 verbose parsed url   search: null,
94 verbose parsed url   query: null,
94 verbose parsed url   pathname: '~0.5.8',
94 verbose parsed url   path: '~0.5.8',
94 verbose parsed url   href: '~0.5.8' }
95 verbose addNamed [ 'grunt-jsdoc', '~0.5.8' ]
96 verbose addNamed [ null, '>=0.5.8-0 <0.6.0-0' ]
97 silly lockFile 7d9fb62a-grunt-jsdoc-0-5-8 grunt-jsdoc@~0.5.8
98 verbose lock grunt-jsdoc@~0.5.8 /Users/user/.npm/7d9fb62a-grunt-jsdoc-0-5-8.lock
99 verbose cache add name="jasmine" spec="^2.2.1" args=["jasmine","^2.2.1"]
100 verbose parsed url { protocol: null,
100 verbose parsed url   slashes: null,
100 verbose parsed url   auth: null,
100 verbose parsed url   host: null,
100 verbose parsed url   port: null,
100 verbose parsed url   hostname: null,
100 verbose parsed url   hash: null,
100 verbose parsed url   search: null,
100 verbose parsed url   query: null,
100 verbose parsed url   pathname: '^2.2.1',
100 verbose parsed url   path: '^2.2.1',
100 verbose parsed url   href: '^2.2.1' }
101 verbose addNamed [ 'jasmine', '^2.2.1' ]
102 verbose addNamed [ null, '>=2.2.1-0 <3.0.0-0' ]
103 silly lockFile 3fc58c6d-jasmine-2-2-1 jasmine@^2.2.1
104 verbose lock jasmine@^2.2.1 /Users/user/.npm/3fc58c6d-jasmine-2-2-1.lock
105 verbose cache add name="body-parser" spec="^1.12.0" args=["body-parser","^1.12.0"]
106 verbose parsed url { protocol: null,
106 verbose parsed url   slashes: null,
106 verbose parsed url   auth: null,
106 verbose parsed url   host: null,
106 verbose parsed url   port: null,
106 verbose parsed url   hostname: null,
106 verbose parsed url   hash: null,
106 verbose parsed url   search: null,
106 verbose parsed url   query: null,
106 verbose parsed url   pathname: '^1.12.0',
106 verbose parsed url   path: '^1.12.0',
106 verbose parsed url   href: '^1.12.0' }
107 verbose addNamed [ 'body-parser', '^1.12.0' ]
108 verbose addNamed [ null, '>=1.12.0-0 <2.0.0-0' ]
109 silly lockFile 56e67e75-body-parser-1-12-0 body-parser@^1.12.0
110 verbose lock body-parser@^1.12.0 /Users/user/.npm/56e67e75-body-parser-1-12-0.lock
111 verbose cache add name="debug" spec="^2.1.2" args=["debug","^2.1.2"]
112 verbose parsed url { protocol: null,
112 verbose parsed url   slashes: null,
112 verbose parsed url   auth: null,
112 verbose parsed url   host: null,
112 verbose parsed url   port: null,
112 verbose parsed url   hostname: null,
112 verbose parsed url   hash: null,
112 verbose parsed url   search: null,
112 verbose parsed url   query: null,
112 verbose parsed url   pathname: '^2.1.2',
112 verbose parsed url   path: '^2.1.2',
112 verbose parsed url   href: '^2.1.2' }
113 verbose addNamed [ 'debug', '^2.1.2' ]
114 verbose addNamed [ null, '>=2.1.2-0 <3.0.0-0' ]
115 silly lockFile ad3870f8-debug-2-1-2 debug@^2.1.2
116 verbose lock debug@^2.1.2 /Users/user/.npm/ad3870f8-debug-2-1-2.lock
117 silly addNameRange { name: 'express', range: '>=4.12.2-0 <5.0.0-0', hasData: false }
118 silly addNameRange { name: 'matchdep', range: '>=0.3.0-0 <0.4.0-0', hasData: false }
119 silly addNameRange { name: 'lodash', range: '>=3.4.0-0 <3.5.0-0', hasData: false }
120 silly addNameRange { name: 'mongoose',
120 silly addNameRange   range: '>=3.8.24-0 <4.0.0-0',
120 silly addNameRange   hasData: false }
121 silly addNameRange { name: 'node-dev', range: '>=2.6.1-0 <3.0.0-0', hasData: false }
122 silly addNameRange { name: 'frisby', range: '>=0.8.5-0 <0.9.0-0', hasData: false }
123 verbose request where is /matchdep
124 verbose request registry https://registry.npmjs.org/
125 verbose request id 0167fe32f89175f9
126 verbose url raw /matchdep
127 verbose url resolving [ 'https://registry.npmjs.org/', './matchdep' ]
128 verbose url resolved https://registry.npmjs.org/matchdep
129 verbose request where is https://registry.npmjs.org/matchdep
130 info trying registry request attempt 1 at 16:47:50
131 http GET https://registry.npmjs.org/matchdep
132 silly addNameRange { name: 'grunt-jsdoc',
132 silly addNameRange   range: '>=0.5.8-0 <0.6.0-0',
132 silly addNameRange   hasData: false }
133 silly addNameRange { name: 'jasmine', range: '>=2.2.1-0 <3.0.0-0', hasData: false }
134 silly addNameRange { name: 'body-parser',
134 silly addNameRange   range: '>=1.12.0-0 <2.0.0-0',
134 silly addNameRange   hasData: false }
135 silly addNameRange { name: 'debug', range: '>=2.1.2-0 <3.0.0-0', hasData: false }
136 verbose request where is /http-error
137 verbose request registry https://registry.npmjs.org/
138 verbose url raw /http-error
139 verbose url resolving [ 'https://registry.npmjs.org/', './http-error' ]
140 verbose url resolved https://registry.npmjs.org/http-error
141 verbose request where is https://registry.npmjs.org/http-error
142 info trying registry request attempt 1 at 16:47:50
143 http GET https://registry.npmjs.org/http-error
144 verbose request where is /frisby
145 verbose request registry https://registry.npmjs.org/
146 verbose url raw /frisby
147 verbose url resolving [ 'https://registry.npmjs.org/', './frisby' ]
148 verbose url resolved https://registry.npmjs.org/frisby
149 verbose request where is https://registry.npmjs.org/frisby
150 info trying registry request attempt 1 at 16:47:50
151 http GET https://registry.npmjs.org/frisby
152 verbose request where is /node-dev
153 verbose request registry https://registry.npmjs.org/
154 verbose url raw /node-dev
155 verbose url resolving [ 'https://registry.npmjs.org/', './node-dev' ]
156 verbose url resolved https://registry.npmjs.org/node-dev
157 verbose request where is https://registry.npmjs.org/node-dev
158 info trying registry request attempt 1 at 16:47:50
159 http GET https://registry.npmjs.org/node-dev
160 verbose request where is /grunt-jsdoc
161 verbose request registry https://registry.npmjs.org/
162 verbose url raw /grunt-jsdoc
163 verbose url resolving [ 'https://registry.npmjs.org/', './grunt-jsdoc' ]
164 verbose url resolved https://registry.npmjs.org/grunt-jsdoc
165 verbose request where is https://registry.npmjs.org/grunt-jsdoc
166 info trying registry request attempt 1 at 16:47:50
167 http GET https://registry.npmjs.org/grunt-jsdoc
168 silly addNameRange { name: 'sqlite3', range: '>=3.0.5-0 <4.0.0-0', hasData: false }
169 verbose request where is /jasmine
170 verbose request registry https://registry.npmjs.org/
171 verbose url raw /jasmine
172 verbose url resolving [ 'https://registry.npmjs.org/', './jasmine' ]
173 verbose url resolved https://registry.npmjs.org/jasmine
174 verbose request where is https://registry.npmjs.org/jasmine
175 info trying registry request attempt 1 at 16:47:50
176 http GET https://registry.npmjs.org/jasmine
177 verbose request where is /sqlite3
178 verbose request registry https://registry.npmjs.org/
179 verbose url raw /sqlite3
180 verbose url resolving [ 'https://registry.npmjs.org/', './sqlite3' ]
181 verbose url resolved https://registry.npmjs.org/sqlite3
182 verbose request where is https://registry.npmjs.org/sqlite3
183 info trying registry request attempt 1 at 16:47:51
184 http GET https://registry.npmjs.org/sqlite3
185 verbose request where is /express
186 verbose request registry https://registry.npmjs.org/
187 verbose url raw /express
188 verbose url resolving [ 'https://registry.npmjs.org/', './express' ]
189 verbose url resolved https://registry.npmjs.org/express
190 verbose request where is https://registry.npmjs.org/express
191 info trying registry request attempt 1 at 16:47:51
192 verbose etag "8CUQJ2IFNBF7JFICZFRRGGD97"
193 http GET https://registry.npmjs.org/express
194 verbose request where is /debug
195 verbose request registry https://registry.npmjs.org/
196 verbose url raw /debug
197 verbose url resolving [ 'https://registry.npmjs.org/', './debug' ]
198 verbose url resolved https://registry.npmjs.org/debug
199 verbose request where is https://registry.npmjs.org/debug
200 info trying registry request attempt 1 at 16:47:51
201 verbose etag "E4CY0R7HCWKX9EK7D0X8XLN04"
202 http GET https://registry.npmjs.org/debug
203 verbose request where is /mongoose
204 verbose request registry https://registry.npmjs.org/
205 verbose url raw /mongoose
206 verbose url resolving [ 'https://registry.npmjs.org/', './mongoose' ]
207 verbose url resolved https://registry.npmjs.org/mongoose
208 verbose request where is https://registry.npmjs.org/mongoose
209 info trying registry request attempt 1 at 16:47:51
210 verbose etag "D6MK82PVQPYJ4WMR4RCD9YPVF"
211 http GET https://registry.npmjs.org/mongoose
212 verbose request where is /body-parser
213 verbose request registry https://registry.npmjs.org/
214 verbose url raw /body-parser
215 verbose url resolving [ 'https://registry.npmjs.org/', './body-parser' ]
216 verbose url resolved https://registry.npmjs.org/body-parser
217 verbose request where is https://registry.npmjs.org/body-parser
218 info trying registry request attempt 1 at 16:47:51
219 verbose etag "BASHGSRN6U9AB5HODHFLJEHZ5"
220 http GET https://registry.npmjs.org/body-parser
221 verbose request where is /lodash
222 verbose request registry https://registry.npmjs.org/
223 verbose url raw /lodash
224 verbose url resolving [ 'https://registry.npmjs.org/', './lodash' ]
225 verbose url resolved https://registry.npmjs.org/lodash
226 verbose request where is https://registry.npmjs.org/lodash
227 info trying registry request attempt 1 at 16:47:51
228 verbose etag "4IJT9QRI7WTES362Q3V3KNVNT"
229 http GET https://registry.npmjs.org/lodash
230 http 200 https://registry.npmjs.org/matchdep
231 silly registry.get cb [ 200,
231 silly registry.get   { date: 'Wed, 18 Mar 2015 22:47:52 GMT',
231 silly registry.get     server: 'CouchDB/1.5.0 (Erlang OTP/R16B03)',
231 silly registry.get     etag: '"7HS90F8QRXN1KXWVEJUOQXC4C"',
231 silly registry.get     'content-type': 'application/json',
231 silly registry.get     'cache-control': 'max-age=60',
231 silly registry.get     'content-length': '12548',
231 silly registry.get     'accept-ranges': 'bytes',
231 silly registry.get     via: '1.1 varnish',
231 silly registry.get     age: '0',
231 silly registry.get     'x-served-by': 'cache-lax1423-LAX',
231 silly registry.get     'x-cache': 'HIT',
231 silly registry.get     'x-cache-hits': '1',
231 silly registry.get     'x-timer': 'S1426718872.392273,VS0,VE76',
231 silly registry.get     vary: 'Accept',
231 silly registry.get     'keep-alive': 'timeout=10, max=50',
231 silly registry.get     connection: 'Keep-Alive' } ]
232 http 200 https://registry.npmjs.org/grunt-jsdoc
233 silly registry.get cb [ 200,
233 silly registry.get   { date: 'Wed, 18 Mar 2015 22:47:52 GMT',
233 silly registry.get     server: 'CouchDB/1.5.0 (Erlang OTP/R16B03)',
233 silly registry.get     etag: '"DRCBYT3C0M4LVEK5DZMD3I3EH"',
233 silly registry.get     'content-type': 'application/json',
233 silly registry.get     'cache-control': 'max-age=60',
233 silly registry.get     'content-length': '43373',
233 silly registry.get     'accept-ranges': 'bytes',
233 silly registry.get     via: '1.1 varnish',
233 silly registry.get     age: '0',
233 silly registry.get     'x-served-by': 'cache-lax1425-LAX',
233 silly registry.get     'x-cache': 'HIT',
233 silly registry.get     'x-cache-hits': '1',
233 silly registry.get     'x-timer': 'S1426718872.389526,VS0,VE80',
233 silly registry.get     vary: 'Accept',
233 silly registry.get     'keep-alive': 'timeout=10, max=50',
233 silly registry.get     connection: 'Keep-Alive' } ]
234 http 200 https://registry.npmjs.org/frisby
235 silly registry.get cb [ 200,
235 silly registry.get   { date: 'Wed, 18 Mar 2015 22:47:52 GMT',
235 silly registry.get     server: 'CouchDB/1.5.0 (Erlang OTP/R16B03)',
235 silly registry.get     etag: '"34T9XQ75CD8M8NQNZU877C6A6"',
235 silly registry.get     'content-type': 'application/json',
235 silly registry.get     'cache-control': 'max-age=60',
235 silly registry.get     'content-length': '63743',
235 silly registry.get     'accept-ranges': 'bytes',
235 silly registry.get     via: '1.1 varnish',
235 silly registry.get     age: '0',
235 silly registry.get     'x-served-by': 'cache-lax1426-LAX',
235 silly registry.get     'x-cache': 'HIT',
235 silly registry.get     'x-cache-hits': '1',
235 silly registry.get     'x-timer': 'S1426718872.407580,VS0,VE42',
235 silly registry.get     vary: 'Accept',
235 silly registry.get     'keep-alive': 'timeout=10, max=50',
235 silly registry.get     connection: 'Keep-Alive' } ]
236 http 200 https://registry.npmjs.org/jasmine
237 silly registry.get cb [ 200,
237 silly registry.get   { date: 'Wed, 18 Mar 2015 22:47:52 GMT',
237 silly registry.get     server: 'CouchDB/1.5.0 (Erlang OTP/R16B03)',
237 silly registry.get     etag: '"YLA2YB1Q8LGU11TNZZA5RBIN"',
237 silly registry.get     'content-type': 'application/json',
237 silly registry.get     'cache-control': 'max-age=60',
237 silly registry.get     'content-length': '7953',
237 silly registry.get     'accept-ranges': 'bytes',
237 silly registry.get     via: '1.1 varnish',
237 silly registry.get     age: '40',
237 silly registry.get     'x-served-by': 'cache-lax1423-LAX',
237 silly registry.get     'x-cache': 'HIT',
237 silly registry.get     'x-cache-hits': '1',
237 silly registry.get     'x-timer': 'S1426718872.547613,VS0,VE0',
237 silly registry.get     vary: 'Accept',
237 silly registry.get     'keep-alive': 'timeout=10, max=49',
237 silly registry.get     connection: 'Keep-Alive' } ]
238 silly addNameRange number 2 { name: 'frisby', range: '>=0.8.5-0 <0.9.0-0', hasData: true }
239 silly addNameRange versions [ 'frisby',
239 silly addNameRange   [ '0.0.1',
239 silly addNameRange     '0.0.2',
239 silly addNameRange     '0.0.3',
239 silly addNameRange     '0.0.4',
239 silly addNameRange     '0.0.5',
239 silly addNameRange     '0.0.6',
239 silly addNameRange     '0.1.0',
239 silly addNameRange     '0.1.1',
239 silly addNameRange     '0.1.2',
239 silly addNameRange     '0.1.3',
239 silly addNameRange     '0.1.4',
239 silly addNameRange     '0.1.5',
239 silly addNameRange     '0.1.6',
239 silly addNameRange     '0.1.7',
239 silly addNameRange     '0.1.8',
239 silly addNameRange     '0.2.0',
239 silly addNameRange     '0.2.2',
239 silly addNameRange     '0.2.3',
239 silly addNameRange     '0.2.5',
239 silly addNameRange     '0.3.0',
239 silly addNameRange     '0.3.1',
239 silly addNameRange     '0.3.2',
239 silly addNameRange     '0.3.5',
239 silly addNameRange     '0.3.6',
239 silly addNameRange     '0.4.0',
239 silly addNameRange     '0.4.1',
239 silly addNameRange     '0.4.2',
239 silly addNameRange     '0.4.3',
239 silly addNameRange     '0.4.4',
239 silly addNameRange     '0.4.5',
239 silly addNameRange     '0.4.6',
239 silly addNameRange     '0.4.7',
239 silly addNameRange     '0.5.0',
239 silly addNameRange     '0.5.1',
239 silly addNameRange     '0.5.2',
239 silly addNameRange     '0.5.3',
239 silly addNameRange     '0.5.4',
239 silly addNameRange     '0.5.5',
239 silly addNameRange     '0.6.1',
239 silly addNameRange     '0.6.2',
239 silly addNameRange     '0.6.5',
239 silly addNameRange     '0.6.6',
239 silly addNameRange     '0.6.7',
239 silly addNameRange     '0.6.8',
239 silly addNameRange     '0.6.9',
239 silly addNameRange     '0.7.0',
239 silly addNameRange     '0.7.1',
239 silly addNameRange     '0.7.2',
239 silly addNameRange     '0.7.3',
239 silly addNameRange     '0.7.4',
239 silly addNameRange     '0.7.5',
239 silly addNameRange     '0.7.6',
239 silly addNameRange     '0.7.7',
239 silly addNameRange     '0.7.8',
239 silly addNameRange     '0.7.9',
239 silly addNameRange     '0.8.0',
239 silly addNameRange     '0.8.1',
239 silly addNameRange     '0.8.2',
239 silly addNameRange     '0.8.3',
239 silly addNameRange     '0.8.4',
239 silly addNameRange     '0.8.5' ] ]
240 verbose addNamed [ 'frisby', '0.8.5' ]
241 verbose addNamed [ '0.8.5', '0.8.5' ]
242 silly lockFile ffa33f37-frisby-0-8-5 frisby@0.8.5
243 verbose lock frisby@0.8.5 /Users/user/.npm/ffa33f37-frisby-0-8-5.lock
244 silly addNameRange number 2 { name: 'jasmine', range: '>=2.2.1-0 <3.0.0-0', hasData: true }
245 silly addNameRange versions [ 'jasmine', [ '2.0.1', '2.1.0', '2.1.1', '2.2.0', '2.2.1' ] ]
246 verbose addNamed [ 'jasmine', '2.2.1' ]
247 verbose addNamed [ '2.2.1', '2.2.1' ]
248 silly lockFile fb2ebf84-jasmine-2-2-1 jasmine@2.2.1
249 verbose lock jasmine@2.2.1 /Users/user/.npm/fb2ebf84-jasmine-2-2-1.lock
250 silly addNameRange number 2 { name: 'grunt-jsdoc',
250 silly addNameRange   range: '>=0.5.8-0 <0.6.0-0',
250 silly addNameRange   hasData: true }
251 silly addNameRange versions [ 'grunt-jsdoc',
251 silly addNameRange   [ '0.2.3',
251 silly addNameRange     '0.2.4',
251 silly addNameRange     '0.3.0',
251 silly addNameRange     '0.3.1',
251 silly addNameRange     '0.3.2',
251 silly addNameRange     '0.3.3',
251 silly addNameRange     '0.4.0',
251 silly addNameRange     '0.4.1',
251 silly addNameRange     '0.4.2',
251 silly addNameRange     '0.4.3',
251 silly addNameRange     '0.5.0',
251 silly addNameRange     '0.5.1',
251 silly addNameRange     '0.5.2',
251 silly addNameRange     '0.5.3',
251 silly addNameRange     '0.5.4',
251 silly addNameRange     '0.5.5',
251 silly addNameRange     '0.5.6',
251 silly addNameRange     '0.6.0',
251 silly addNameRange     '0.5.7',
251 silly addNameRange     '0.6.1',
251 silly addNameRange     '0.6.2',
251 silly addNameRange     '0.5.8',
251 silly addNameRange     '0.6.3' ] ]
252 verbose addNamed [ 'grunt-jsdoc', '0.5.8' ]
253 verbose addNamed [ '0.5.8', '0.5.8' ]
254 silly lockFile 202145e2-grunt-jsdoc-0-5-8 grunt-jsdoc@0.5.8
255 verbose lock grunt-jsdoc@0.5.8 /Users/user/.npm/202145e2-grunt-jsdoc-0-5-8.lock
256 silly addNameRange number 2 { name: 'matchdep', range: '>=0.3.0-0 <0.4.0-0', hasData: true }
257 silly addNameRange versions [ 'matchdep', [ '0.1.0', '0.1.1', '0.1.2', '0.2.0', '0.3.0' ] ]
258 verbose addNamed [ 'matchdep', '0.3.0' ]
259 verbose addNamed [ '0.3.0', '0.3.0' ]
260 silly lockFile a9c62364-matchdep-0-3-0 matchdep@0.3.0
261 verbose lock matchdep@0.3.0 /Users/user/.npm/a9c62364-matchdep-0-3-0.lock
262 http 200 https://registry.npmjs.org/node-dev
263 silly registry.get cb [ 200,
263 silly registry.get   { date: 'Wed, 18 Mar 2015 22:47:52 GMT',
263 silly registry.get     server: 'CouchDB/1.5.0 (Erlang OTP/R16B03)',
263 silly registry.get     etag: '"PNUN148M6WH9WRLQIA4AV8KD"',
263 silly registry.get     'content-type': 'application/json',
263 silly registry.get     'cache-control': 'max-age=60',
263 silly registry.get     'content-length': '43433',
263 silly registry.get     'accept-ranges': 'bytes',
263 silly registry.get     via: '1.1 varnish',
263 silly registry.get     age: '0',
263 silly registry.get     'x-served-by': 'cache-lax1427-LAX',
263 silly registry.get     'x-cache': 'MISS',
263 silly registry.get     'x-cache-hits': '0',
263 silly registry.get     'x-timer': 'S1426718872.400272,VS0,VE118',
263 silly registry.get     vary: 'Accept',
263 silly registry.get     'keep-alive': 'timeout=10, max=50',
263 silly registry.get     connection: 'Keep-Alive' } ]
264 silly lockFile d85d62c5-pmjs-org-frisby-frisby-0-8-5-tgz https://registry.npmjs.org/frisby/-/frisby-0.8.5.tgz
265 verbose lock https://registry.npmjs.org/frisby/-/frisby-0.8.5.tgz /Users/user/.npm/d85d62c5-pmjs-org-frisby-frisby-0-8-5-tgz.lock
266 silly lockFile 487e5eb5-js-org-jasmine-jasmine-2-2-1-tgz https://registry.npmjs.org/jasmine/-/jasmine-2.2.1.tgz
267 verbose lock https://registry.npmjs.org/jasmine/-/jasmine-2.2.1.tgz /Users/user/.npm/487e5eb5-js-org-jasmine-jasmine-2-2-1-tgz.lock
268 silly lockFile 41f0b9fa-runt-jsdoc-grunt-jsdoc-0-5-8-tgz https://registry.npmjs.org/grunt-jsdoc/-/grunt-jsdoc-0.5.8.tgz
269 verbose lock https://registry.npmjs.org/grunt-jsdoc/-/grunt-jsdoc-0.5.8.tgz /Users/user/.npm/41f0b9fa-runt-jsdoc-grunt-jsdoc-0-5-8-tgz.lock
270 silly lockFile 3763861f--org-matchdep-matchdep-0-3-0-tgz https://registry.npmjs.org/matchdep/-/matchdep-0.3.0.tgz
271 verbose lock https://registry.npmjs.org/matchdep/-/matchdep-0.3.0.tgz /Users/user/.npm/3763861f--org-matchdep-matchdep-0-3-0-tgz.lock
272 verbose addRemoteTarball [ 'https://registry.npmjs.org/frisby/-/frisby-0.8.5.tgz',
272 verbose addRemoteTarball   'a7f0d125938d77e1c1ed5ed2f32a2cdc56a8a160' ]
273 verbose addRemoteTarball [ 'https://registry.npmjs.org/jasmine/-/jasmine-2.2.1.tgz',
273 verbose addRemoteTarball   '38f0ba79ba925eb5f9e99c2c467a65556288a79a' ]
274 verbose addRemoteTarball [ 'https://registry.npmjs.org/grunt-jsdoc/-/grunt-jsdoc-0.5.8.tgz',
274 verbose addRemoteTarball   'eb090fc836b2469e0aa980aeefedefe8a26593b5' ]
275 verbose addRemoteTarball [ 'https://registry.npmjs.org/matchdep/-/matchdep-0.3.0.tgz',
275 verbose addRemoteTarball   '428e649ce5c2818d220e0463eff5c0de9e59d52e' ]
276 http 200 https://registry.npmjs.org/sqlite3
277 silly registry.get cb [ 200,
277 silly registry.get   { date: 'Wed, 18 Mar 2015 22:47:52 GMT',
277 silly registry.get     server: 'CouchDB/1.5.0 (Erlang OTP/R16B03)',
277 silly registry.get     etag: '"4QCNA11Z769RY1WOEPUEKG064"',
277 silly registry.get     'content-type': 'application/json',
277 silly registry.get     'cache-control': 'max-age=60',
277 silly registry.get     'content-length': '103159',
277 silly registry.get     'accept-ranges': 'bytes',
277 silly registry.get     via: '1.1 varnish',
277 silly registry.get     age: '9',
277 silly registry.get     'x-served-by': 'cache-lax1425-LAX',
277 silly registry.get     'x-cache': 'HIT',
277 silly registry.get     'x-cache-hits': '1',
277 silly registry.get     'x-timer': 'S1426718872.558092,VS0,VE0',
277 silly registry.get     vary: 'Accept',
277 silly registry.get     'keep-alive': 'timeout=10, max=49',
277 silly registry.get     connection: 'Keep-Alive' } ]
278 silly addNameRange number 2 { name: 'node-dev', range: '>=2.6.1-0 <3.0.0-0', hasData: true }
279 silly addNameRange versions [ 'node-dev',
279 silly addNameRange   [ '0.1.3',
279 silly addNameRange     '0.1.4',
279 silly addNameRange     '0.1.5',
279 silly addNameRange     '0.1.6',
279 silly addNameRange     '0.1.8',
279 silly addNameRange     '0.1.9',
279 silly addNameRange     '0.2.0',
279 silly addNameRange     '0.2.1',
279 silly addNameRange     '0.2.2',
279 silly addNameRange     '0.2.3',
279 silly addNameRange     '0.2.4',
279 silly addNameRange     '0.2.5',
279 silly addNameRange     '0.2.6',
279 silly addNameRange     '0.2.7',
279 silly addNameRange     '0.2.8',
279 silly addNameRange     '0.2.9',
279 silly addNameRange     '0.2.10',
279 silly addNameRange     '0.3.0',
279 silly addNameRange     '2.0.0',
279 silly addNameRange     '2.0.1',
279 silly addNameRange     '2.0.2',
279 silly addNameRange     '2.1.0',
279 silly addNameRange     '2.1.1',
279 silly addNameRange     '2.1.2',
279 silly addNameRange     '2.1.3',
279 silly addNameRange     '2.1.4',
279 silly addNameRange     '2.1.5',
279 silly addNameRange     '2.1.6',
279 silly addNameRange     '2.2.0',
279 silly addNameRange     '2.3.0',
279 silly addNameRange     '2.4.0',
279 silly addNameRange     '2.4.1',
279 silly addNameRange     '2.5.0',
279 silly addNameRange     '2.6.0',
279 silly addNameRange     '2.6.1' ] ]
280 verbose addNamed [ 'node-dev', '2.6.1' ]
281 verbose addNamed [ '2.6.1', '2.6.1' ]
282 silly lockFile 7a9b929b-node-dev-2-6-1 node-dev@2.6.1
283 verbose lock node-dev@2.6.1 /Users/user/.npm/7a9b929b-node-dev-2-6-1.lock
284 http 200 https://registry.npmjs.org/debug
285 silly registry.get cb [ 200,
285 silly registry.get   { date: 'Wed, 18 Mar 2015 22:47:52 GMT',
285 silly registry.get     server: 'CouchDB/1.5.0 (Erlang OTP/R16B03)',
285 silly registry.get     etag: '"BUNFD1NZT99WPV36G9YF4WPQA"',
285 silly registry.get     'content-type': 'application/json',
285 silly registry.get     'cache-control': 'max-age=60',
285 silly registry.get     'content-length': '32540',
285 silly registry.get     'accept-ranges': 'bytes',
285 silly registry.get     via: '1.1 varnish',
285 silly registry.get     age: '27',
285 silly registry.get     'x-served-by': 'cache-lax1423-LAX',
285 silly registry.get     'x-cache': 'HIT',
285 silly registry.get     'x-cache-hits': '2',
285 silly registry.get     'x-timer': 'S1426718872.593663,VS0,VE0',
285 silly registry.get     vary: 'Accept',
285 silly registry.get     'keep-alive': 'timeout=10, max=48',
285 silly registry.get     connection: 'Keep-Alive' } ]
286 info retry fetch attempt 1 at 16:47:52
287 verbose fetch to= /var/folders/mr/fbl_689n1jbgvg5ssgdjfdxh0000gp/T/npm-4075-ZUmgA0hr/registry.npmjs.org/frisby/-/frisby-0.8.5.tgz
288 silly lockFile b3ab47e3--org-node-dev-node-dev-2-6-1-tgz https://registry.npmjs.org/node-dev/-/node-dev-2.6.1.tgz
289 verbose lock https://registry.npmjs.org/node-dev/-/node-dev-2.6.1.tgz /Users/user/.npm/b3ab47e3--org-node-dev-node-dev-2-6-1-tgz.lock
290 http GET https://registry.npmjs.org/frisby/-/frisby-0.8.5.tgz
291 info retry fetch attempt 1 at 16:47:52
292 verbose fetch to= /var/folders/mr/fbl_689n1jbgvg5ssgdjfdxh0000gp/T/npm-4075-ZUmgA0hr/registry.npmjs.org/jasmine/-/jasmine-2.2.1.tgz
293 info retry fetch attempt 1 at 16:47:52
294 verbose fetch to= /var/folders/mr/fbl_689n1jbgvg5ssgdjfdxh0000gp/T/npm-4075-ZUmgA0hr/registry.npmjs.org/grunt-jsdoc/-/grunt-jsdoc-0.5.8.tgz
295 info retry fetch attempt 1 at 16:47:52
296 verbose fetch to= /var/folders/mr/fbl_689n1jbgvg5ssgdjfdxh0000gp/T/npm-4075-ZUmgA0hr/registry.npmjs.org/matchdep/-/matchdep-0.3.0.tgz
297 verbose addRemoteTarball [ 'https://registry.npmjs.org/node-dev/-/node-dev-2.6.1.tgz',
297 verbose addRemoteTarball   '40def287d1794c9d5d10529b21d1a7224f8c5567' ]
298 http GET https://registry.npmjs.org/jasmine/-/jasmine-2.2.1.tgz
299 http GET https://registry.npmjs.org/grunt-jsdoc/-/grunt-jsdoc-0.5.8.tgz
300 http GET https://registry.npmjs.org/matchdep/-/matchdep-0.3.0.tgz
301 silly addNameRange number 2 { name: 'sqlite3', range: '>=3.0.5-0 <4.0.0-0', hasData: true }
302 silly addNameRange versions [ 'sqlite3',
302 silly addNameRange   [ '2.0.0',
302 silly addNameRange     '2.0.1',
302 silly addNameRange     '2.0.2',
302 silly addNameRange     '2.0.3',
302 silly addNameRange     '2.0.4',
302 silly addNameRange     '2.0.5',
302 silly addNameRange     '2.0.6',
302 silly addNameRange     '2.0.7',
302 silly addNameRange     '2.0.8',
302 silly addNameRange     '2.0.9',
302 silly addNameRange     '2.0.10',
302 silly addNameRange     '2.0.11',
302 silly addNameRange     '2.0.12',
302 silly addNameRange     '2.0.13',
302 silly addNameRange     '2.0.14',
302 silly addNameRange     '2.0.15',
302 silly addNameRange     '2.0.16',
302 silly addNameRange     '2.0.17',
302 silly addNameRange     '2.0.18',
302 silly addNameRange     '2.1.0',
302 silly addNameRange     '2.1.1',
302 silly addNameRange     '2.1.2',
302 silly addNameRange     '2.1.3',
302 silly addNameRange     '2.1.4',
302 silly addNameRange     '2.1.5',
302 silly addNameRange     '2.1.7',
302 silly addNameRange     '2.1.8',
302 silly addNameRange     '2.1.9',
302 silly addNameRange     '2.1.10',
302 silly addNameRange     '2.1.11',
302 silly addNameRange     '2.1.12',
302 silly addNameRange     '2.1.13',
302 silly addNameRange     '2.1.14',
302 silly addNameRange     '2.1.15',
302 silly addNameRange     '2.1.16',
302 silly addNameRange     '2.1.17',
302 silly addNameRange     '2.1.18',
302 silly addNameRange     '2.1.19',
302 silly addNameRange     '2.2.0',
302 silly addNameRange     '2.2.1',
302 silly addNameRange     '2.2.2',
302 silly addNameRange     '2.2.3',
302 silly addNameRange     '2.2.4',
302 silly addNameRange     '2.2.6',
302 silly addNameRange     '2.2.7',
302 silly addNameRange     '3.0.0',
302 silly addNameRange     '3.0.1',
302 silly addNameRange     '3.0.2',
302 silly addNameRange     '3.0.4',
302 silly addNameRange     '3.0.5' ] ]
303 verbose addNamed [ 'sqlite3', '3.0.5' ]
304 verbose addNamed [ '3.0.5', '3.0.5' ]
305 silly lockFile 04db0617-sqlite3-3-0-5 sqlite3@3.0.5
306 verbose lock sqlite3@3.0.5 /Users/user/.npm/04db0617-sqlite3-3-0-5.lock
307 silly addNameRange number 2 { name: 'debug', range: '>=2.1.2-0 <3.0.0-0', hasData: true }
308 silly addNameRange versions [ 'debug',
308 silly addNameRange   [ '0.0.1',
308 silly addNameRange     '0.1.0',
308 silly addNameRange     '0.2.0',
308 silly addNameRange     '0.3.0',
308 silly addNameRange     '0.4.0',
308 silly addNameRange     '0.4.1',
308 silly addNameRange     '0.5.0',
308 silly addNameRange     '0.6.0',
308 silly addNameRange     '0.7.0',
308 silly addNameRange     '0.7.1',
308 silly addNameRange     '0.7.2',
308 silly addNameRange     '0.7.3',
308 silly addNameRange     '0.7.4',
308 silly addNameRange     '0.8.0',
308 silly addNameRange     '0.8.1',
308 silly addNameRange     '1.0.0',
308 silly addNameRange     '1.0.1',
308 silly addNameRange     '1.0.2',
308 silly addNameRange     '1.0.3',
308 silly addNameRange     '1.0.4',
308 silly addNameRange     '2.0.0',
308 silly addNameRange     '2.1.0',
308 silly addNameRange     '2.1.1',
308 silly addNameRange     '2.1.2',
308 silly addNameRange     '2.1.3' ] ]
309 verbose addNamed [ 'debug', '2.1.3' ]
310 verbose addNamed [ '2.1.3', '2.1.3' ]
311 silly lockFile aef7a5b5-debug-2-1-3 debug@2.1.3
312 verbose lock debug@2.1.3 /Users/user/.npm/aef7a5b5-debug-2-1-3.lock
313 info retry fetch attempt 1 at 16:47:52
314 verbose fetch to= /var/folders/mr/fbl_689n1jbgvg5ssgdjfdxh0000gp/T/npm-4075-ZUmgA0hr/registry.npmjs.org/node-dev/-/node-dev-2.6.1.tgz
315 http GET https://registry.npmjs.org/node-dev/-/node-dev-2.6.1.tgz
316 silly lockFile 81f41acb-js-org-sqlite3-sqlite3-3-0-5-tgz https://registry.npmjs.org/sqlite3/-/sqlite3-3.0.5.tgz
317 verbose lock https://registry.npmjs.org/sqlite3/-/sqlite3-3.0.5.tgz /Users/user/.npm/81f41acb-js-org-sqlite3-sqlite3-3-0-5-tgz.lock
318 silly lockFile 870fad9a--npmjs-org-debug-debug-2-1-3-tgz https://registry.npmjs.org/debug/-/debug-2.1.3.tgz
319 verbose lock https://registry.npmjs.org/debug/-/debug-2.1.3.tgz /Users/user/.npm/870fad9a--npmjs-org-debug-debug-2-1-3-tgz.lock
320 verbose addRemoteTarball [ 'https://registry.npmjs.org/sqlite3/-/sqlite3-3.0.5.tgz',
320 verbose addRemoteTarball   '27adf608575e847f847961bf4a90a9c60f26fd57' ]
321 verbose addRemoteTarball [ 'https://registry.npmjs.org/debug/-/debug-2.1.3.tgz',
321 verbose addRemoteTarball   'ce8ab1b5ee8fbee2bfa3b633cab93d366b63418e' ]
322 info retry fetch attempt 1 at 16:47:52
323 verbose fetch to= /var/folders/mr/fbl_689n1jbgvg5ssgdjfdxh0000gp/T/npm-4075-ZUmgA0hr/registry.npmjs.org/sqlite3/-/sqlite3-3.0.5.tgz
324 info retry fetch attempt 1 at 16:47:52
325 verbose fetch to= /var/folders/mr/fbl_689n1jbgvg5ssgdjfdxh0000gp/T/npm-4075-ZUmgA0hr/registry.npmjs.org/debug/-/debug-2.1.3.tgz
326 http GET https://registry.npmjs.org/sqlite3/-/sqlite3-3.0.5.tgz
327 http GET https://registry.npmjs.org/debug/-/debug-2.1.3.tgz
328 http 200 https://registry.npmjs.org/body-parser
329 silly registry.get cb [ 200,
329 silly registry.get   { date: 'Wed, 18 Mar 2015 22:47:52 GMT',
329 silly registry.get     server: 'CouchDB/1.5.0 (Erlang OTP/R16B03)',
329 silly registry.get     etag: '"68VWGFTSV3B3MUIDALA75PTRD"',
329 silly registry.get     'content-type': 'application/json',
329 silly registry.get     'cache-control': 'max-age=60',
329 silly registry.get     'content-length': '90568',
329 silly registry.get     'accept-ranges': 'bytes',
329 silly registry.get     via: '1.1 varnish',
329 silly registry.get     age: '39',
329 silly registry.get     'x-served-by': 'cache-lax1425-LAX',
329 silly registry.get     'x-cache': 'HIT',
329 silly registry.get     'x-cache-hits': '26',
329 silly registry.get     'x-timer': 'S1426718872.655407,VS0,VE0',
329 silly registry.get     vary: 'Accept',
329 silly registry.get     'keep-alive': 'timeout=10, max=48',
329 silly registry.get     connection: 'Keep-Alive' } ]
330 silly addNameRange number 2 { name: 'body-parser',
330 silly addNameRange   range: '>=1.12.0-0 <2.0.0-0',
330 silly addNameRange   hasData: true }
331 silly addNameRange versions [ 'body-parser',
331 silly addNameRange   [ '1.0.0',
331 silly addNameRange     '1.0.1',
331 silly addNameRange     '1.0.2',
331 silly addNameRange     '1.1.0',
331 silly addNameRange     '1.1.1',
331 silly addNameRange     '1.1.2',
331 silly addNameRange     '1.2.0',
331 silly addNameRange     '1.2.1',
331 silly addNameRange     '1.2.2',
331 silly addNameRange     '1.3.0',
331 silly addNameRange     '1.3.1',
331 silly addNameRange     '1.4.0',
331 silly addNameRange     '1.4.1',
331 silly addNameRange     '1.4.2',
331 silly addNameRange     '1.4.3',
331 silly addNameRange     '1.5.0',
331 silly addNameRange     '1.5.1',
331 silly addNameRange     '1.5.2',
331 silly addNameRange     '1.6.0',
331 silly addNameRange     '1.6.1',
331 silly addNameRange     '1.6.2',
331 silly addNameRange     '1.6.3',
331 silly addNameRange     '1.6.4',
331 silly addNameRange     '1.6.5',
331 silly addNameRange     '1.6.6',
331 silly addNameRange     '1.6.7',
331 silly addNameRange     '1.7.0',
331 silly addNameRange     '1.8.0',
331 silly addNameRange     '1.8.1',
331 silly addNameRange     '1.8.2',
331 silly addNameRange     '1.8.3',
331 silly addNameRange     '1.8.4',
331 silly addNameRange     '1.9.0',
331 silly addNameRange     '1.9.1',
331 silly addNameRange     '1.9.2',
331 silly addNameRange     '1.9.3',
331 silly addNameRange     '1.10.0',
331 silly addNameRange     '1.10.1',
331 silly addNameRange     '1.10.2',
331 silly addNameRange     '1.11.0',
331 silly addNameRange     '1.12.0',
331 silly addNameRange     '1.12.1',
331 silly addNameRange     '1.12.2' ] ]
332 verbose addNamed [ 'body-parser', '1.12.2' ]
333 verbose addNamed [ '1.12.2', '1.12.2' ]
334 silly lockFile 76f09536-body-parser-1-12-2 body-parser@1.12.2
335 verbose lock body-parser@1.12.2 /Users/user/.npm/76f09536-body-parser-1-12-2.lock
336 silly lockFile 9a22e482-dy-parser-body-parser-1-12-2-tgz https://registry.npmjs.org/body-parser/-/body-parser-1.12.2.tgz
337 verbose lock https://registry.npmjs.org/body-parser/-/body-parser-1.12.2.tgz /Users/user/.npm/9a22e482-dy-parser-body-parser-1-12-2-tgz.lock
338 verbose addRemoteTarball [ 'https://registry.npmjs.org/body-parser/-/body-parser-1.12.2.tgz',
338 verbose addRemoteTarball   '698368fb4dfc57a05bff1ddb1bebeba3bd2c0e87' ]
339 info retry fetch attempt 1 at 16:47:52
340 verbose fetch to= /var/folders/mr/fbl_689n1jbgvg5ssgdjfdxh0000gp/T/npm-4075-ZUmgA0hr/registry.npmjs.org/body-parser/-/body-parser-1.12.2.tgz
341 http GET https://registry.npmjs.org/body-parser/-/body-parser-1.12.2.tgz
342 http 200 https://registry.npmjs.org/lodash
343 silly registry.get cb [ 200,
343 silly registry.get   { date: 'Wed, 18 Mar 2015 22:47:52 GMT',
343 silly registry.get     server: 'CouchDB/1.5.0 (Erlang OTP/R16B03)',
343 silly registry.get     etag: '"F09UU7JL3GEN3HC0ADLVHO19Z"',
343 silly registry.get     'content-type': 'application/json',
343 silly registry.get     'cache-control': 'max-age=60',
343 silly registry.get     'content-length': '87073',
343 silly registry.get     'accept-ranges': 'bytes',
343 silly registry.get     via: '1.1 varnish',
343 silly registry.get     age: '21',
343 silly registry.get     'x-served-by': 'cache-lax1423-LAX',
343 silly registry.get     'x-cache': 'HIT',
343 silly registry.get     'x-cache-hits': '2',
343 silly registry.get     'x-timer': 'S1426718872.657765,VS0,VE0',
343 silly registry.get     vary: 'Accept',
343 silly registry.get     'keep-alive': 'timeout=10, max=47',
343 silly registry.get     connection: 'Keep-Alive' } ]
344 silly addNameRange number 2 { name: 'lodash', range: '>=3.4.0-0 <3.5.0-0', hasData: true }
345 silly addNameRange versions [ 'lodash',
345 silly addNameRange   [ '0.1.0',
345 silly addNameRange     '0.2.0',
345 silly addNameRange     '0.2.1',
345 silly addNameRange     '0.2.2',
345 silly addNameRange     '0.3.0',
345 silly addNameRange     '0.3.1',
345 silly addNameRange     '0.3.2',
345 silly addNameRange     '0.4.0',
345 silly addNameRange     '0.4.1',
345 silly addNameRange     '0.4.2',
345 silly addNameRange     '0.5.0-rc.1',
345 silly addNameRange     '0.5.0',
345 silly addNameRange     '0.5.1',
345 silly addNameRange     '0.5.2',
345 silly addNameRange     '0.6.0',
345 silly addNameRange     '0.6.1',
345 silly addNameRange     '0.7.0',
345 silly addNameRange     '0.8.0',
345 silly addNameRange     '0.8.1',
345 silly addNameRange     '0.8.2',
345 silly addNameRange     '0.9.0',
345 silly addNameRange     '0.9.1',
345 silly addNameRange     '0.9.2',
345 silly addNameRange     '0.10.0',
345 silly addNameRange     '1.0.0-rc.1',
345 silly addNameRange     '1.0.0-rc.2',
345 silly addNameRange     '1.0.0-rc.3',
345 silly addNameRange     '1.0.0',
345 silly addNameRange     '1.0.1',
345 silly addNameRange     '1.1.0',
345 silly addNameRange     '1.1.1',
345 silly addNameRange     '1.2.0',
345 silly addNameRange     '1.2.1',
345 silly addNameRange     '1.3.0',
345 silly addNameRange     '1.3.1',
345 silly addNameRange     '2.0.0',
345 silly addNameRange     '2.1.0',
345 silly addNameRange     '2.2.0',
345 silly addNameRange     '2.2.1',
345 silly addNameRange     '2.3.0',
345 silly addNameRange     '2.4.0',
345 silly addNameRange     '2.4.1',
345 silly addNameRange     '3.0.0',
345 silly addNameRange     '3.0.1',
345 silly addNameRange     '3.1.0',
345 silly addNameRange     '3.2.0',
345 silly addNameRange     '3.3.0',
345 silly addNameRange     '3.3.1',
345 silly addNameRange     '3.4.0',
345 silly addNameRange     '3.5.0' ] ]
346 verbose addNamed [ 'lodash', '3.4.0' ]
347 verbose addNamed [ '3.4.0', '3.4.0' ]
348 silly lockFile 7c90aed0-lodash-3-4-0 lodash@3.4.0
349 verbose lock lodash@3.4.0 /Users/user/.npm/7c90aed0-lodash-3-4-0.lock
350 http 200 https://registry.npmjs.org/mongoose
351 silly registry.get cb [ 200,
351 silly registry.get   { date: 'Wed, 18 Mar 2015 22:47:52 GMT',
351 silly registry.get     server: 'CouchDB/1.5.0 (Erlang OTP/R16B03)',
351 silly registry.get     etag: '"7VJ1VYCJZ7777A5VRA2HZ0N85"',
351 silly registry.get     'content-type': 'application/json',
351 silly registry.get     'cache-control': 'max-age=60',
351 silly registry.get     'content-length': '303247',
351 silly registry.get     'accept-ranges': 'bytes',
351 silly registry.get     via: '1.1 varnish',
351 silly registry.get     age: '26',
351 silly registry.get     'x-served-by': 'cache-lax1427-LAX',
351 silly registry.get     'x-cache': 'HIT',
351 silly registry.get     'x-cache-hits': '1',
351 silly registry.get     'x-timer': 'S1426718872.608171,VS0,VE1',
351 silly registry.get     vary: 'Accept',
351 silly registry.get     'keep-alive': 'timeout=10, max=49',
351 silly registry.get     connection: 'Keep-Alive' } ]
352 http 200 https://registry.npmjs.org/http-error
353 silly registry.get cb [ 200,
353 silly registry.get   { date: 'Wed, 18 Mar 2015 22:47:52 GMT',
353 silly registry.get     server: 'CouchDB/1.5.0 (Erlang OTP/R16B03)',
353 silly registry.get     etag: '"2L2DMK2MC707E4HZ8QK0VVIWQ"',
353 silly registry.get     'content-type': 'application/json',
353 silly registry.get     'cache-control': 'max-age=60',
353 silly registry.get     'content-length': '4357',
353 silly registry.get     'accept-ranges': 'bytes',
353 silly registry.get     via: '1.1 varnish',
353 silly registry.get     age: '0',
353 silly registry.get     'x-served-by': 'cache-lax1428-LAX',
353 silly registry.get     'x-cache': 'MISS',
353 silly registry.get     'x-cache-hits': '0',
353 silly registry.get     'x-timer': 'S1426718872.397368,VS0,VE314',
353 silly registry.get     vary: 'Accept',
353 silly registry.get     'keep-alive': 'timeout=10, max=50',
353 silly registry.get     connection: 'Keep-Alive' } ]
354 silly lockFile 2c694969-pmjs-org-lodash-lodash-3-4-0-tgz https://registry.npmjs.org/lodash/-/lodash-3.4.0.tgz
355 verbose lock https://registry.npmjs.org/lodash/-/lodash-3.4.0.tgz /Users/user/.npm/2c694969-pmjs-org-lodash-lodash-3-4-0-tgz.lock
356 verbose addRemoteTarball [ 'https://registry.npmjs.org/lodash/-/lodash-3.4.0.tgz',
356 verbose addRemoteTarball   '7c39c1336faf5f96e6409f8355f26ea192f41821' ]
357 silly addNameRange number 2 { name: 'mongoose', range: '>=3.8.24-0 <4.0.0-0', hasData: true }
358 silly addNameRange versions [ 'mongoose',
358 silly addNameRange   [ '0.0.1',
358 silly addNameRange     '0.0.2',
358 silly addNameRange     '0.0.3',
358 silly addNameRange     '0.0.4',
358 silly addNameRange     '0.0.5',
358 silly addNameRange     '1.0.0',
358 silly addNameRange     '1.0.1',
358 silly addNameRange     '1.0.2',
358 silly addNameRange     '0.0.6',
358 silly addNameRange     '1.0.3',
358 silly addNameRange     '1.0.4',
358 silly addNameRange     '1.0.5',
358 silly addNameRange     '1.0.6',
358 silly addNameRange     '1.0.7',
358 silly addNameRange     '1.0.8',
358 silly addNameRange     '1.0.10',
358 silly addNameRange     '1.0.11',
358 silly addNameRange     '1.0.12',
358 silly addNameRange     '1.0.13',
358 silly addNameRange     '1.0.14',
358 silly addNameRange     '1.0.15',
358 silly addNameRange     '1.0.16',
358 silly addNameRange     '1.1.0',
358 silly addNameRange     '1.1.1',
358 silly addNameRange     '1.1.2',
358 silly addNameRange     '1.1.3',
358 silly addNameRange     '1.1.4',
358 silly addNameRange     '1.1.5',
358 silly addNameRange     '1.1.6',
358 silly addNameRange     '1.1.7',
358 silly addNameRange     '1.1.8',
358 silly addNameRange     '1.1.9',
358 silly addNameRange     '1.1.10',
358 silly addNameRange     '1.1.11',
358 silly addNameRange     '1.1.12',
358 silly addNameRange     '1.1.13',
358 silly addNameRange     '1.1.14',
358 silly addNameRange     '1.1.15',
358 silly addNameRange     '1.1.16',
358 silly addNameRange     '1.1.17',
358 silly addNameRange     '1.1.18',
358 silly addNameRange     '1.1.19',
358 silly addNameRange     '1.1.20',
358 silly addNameRange     '1.1.21',
358 silly addNameRange     '1.1.22',
358 silly addNameRange     '1.1.23',
358 silly addNameRange     '1.1.24',
358 silly addNameRange     '1.1.25',
358 silly addNameRange     '1.2.0',
358 silly addNameRange     '1.3.0',
358 silly addNameRange     '1.3.1',
358 silly addNameRange     '1.3.2',
358 silly addNameRange     '1.3.3',
358 silly addNameRange     '1.3.4',
358 silly addNameRange     '1.3.5',
358 silly addNameRange     '1.3.6',
358 silly addNameRange     '1.3.7',
358 silly addNameRange     '1.4.0',
358 silly addNameRange     '1.5.0',
358 silly addNameRange     '1.6.0',
358 silly addNameRange     '1.7.2',
358 silly addNameRange     '1.7.3',
358 silly addNameRange     '1.7.4',
358 silly addNameRange     '1.8.0',
358 silly addNameRange     '1.8.1',
358 silly addNameRange     '1.8.2',
358 silly addNameRange     '1.8.3',
358 silly addNameRange     '1.8.4',
358 silly addNameRange     '2.0.0',
358 silly addNameRange     '2.0.1',
358 silly addNameRange     '2.0.2',
358 silly addNameRange     '2.0.3',
358 silly addNameRange     '2.0.4',
358 silly addNameRange     '2.1.0',
358 silly addNameRange     '2.1.1',
358 silly addNameRange     '2.1.2',
358 silly addNameRange     '2.1.3',
358 silly addNameRange     '2.1.4',
358 silly addNameRange     '2.2.0',
358 silly addNameRange     '2.2.1',
358 silly addNameRange     '2.2.2',
358 silly addNameRange     '2.2.3',
358 silly addNameRange     '2.2.4',
358 silly addNameRange     '2.3.0',
358 silly addNameRange     '2.3.1',
358 silly addNameRange     '2.3.2',
358 silly addNameRange     '2.3.3',
358 silly addNameRange     '2.3.4',
358 silly addNameRange     '2.3.5',
358 silly addNameRange     '2.3.6',
358 silly addNameRange     '2.3.7',
358 silly addNameRange     '2.3.8',
358 silly addNameRange     '2.3.9',
358 silly addNameRange     '2.3.10',
358 silly addNameRange     '2.3.11',
358 silly addNameRange     '2.3.12',
358 silly addNameRange     '2.3.13',
358 silly addNameRange     '2.4.0',
358 silly addNameRange     '2.4.1',
358 silly addNameRange     '2.4.2',
358 silly addNameRange     '2.4.3',
358 silly addNameRange     '2.4.4',
358 silly addNameRange     '2.4.5',
358 silly addNameRange     '2.4.6',
358 silly addNameRange     '2.4.7',
358 silly addNameRange     '2.4.8',
358 silly addNameRange     '2.4.9',
358 silly addNameRange     '2.4.10',
358 silly addNameRange     '2.5.0',
358 silly addNameRange     '2.5.1',
358 silly addNameRange     '2.5.2',
358 silly addNameRange     '2.5.3',
358 silly addNameRange     '2.5.4',
358 silly addNameRange     '2.5.5',
358 silly addNameRange     '2.5.6',
358 silly addNameRange     '2.5.7',
358 silly addNameRange     '2.5.8',
358 silly addNameRange     '2.5.9',
358 silly addNameRange     '2.5.10',
358 silly addNameRange     '2.5.11',
358 silly addNameRange     '2.5.12',
358 silly addNameRange     '2.5.13',
358 silly addNameRange     '2.5.14',
358 silly addNameRange     '2.6.0',
358 silly addNameRange     '2.6.1',
358 silly addNameRange     '2.6.2',
358 silly addNameRange     '2.6.3',
358 silly addNameRange     '2.6.4',
358 silly addNameRange     '2.6.5',
358 silly addNameRange     '2.6.6',
358 silly addNameRange     '2.6.7',
358 silly addNameRange     '2.6.8',
358 silly addNameRange     '2.7.0',
358 silly addNameRange     '2.7.1',
358 silly addNameRange     '2.7.2',
358 silly addNameRange     '2.7.4',
358 silly addNameRange     '2.7.3',
358 silly addNameRange     '3.0.0',
358 silly addNameRange     '3.0.1',
358 silly addNameRange     '3.0.2',
358 silly addNameRange     '2.8.0',
358 silly addNameRange     '3.0.3',
358 silly addNameRange     '3.1.0',
358 silly addNameRange     '2.8.1',
358 silly addNameRange     '3.1.1',
358 silly addNameRange     '2.8.2',
358 silly addNameRange     '2.8.3',
358 silly addNameRange     '2.9.0',
358 silly addNameRange     '3.2.0',
358 silly addNameRange     '2.9.1',
358 silly addNameRange     '3.2.1',
358 silly addNameRange     '2.9.2',
358 silly addNameRange     '3.2.2',
358 silly addNameRange     '3.3.0',
358 silly addNameRange     '3.3.1',
358 silly addNameRange     '2.9.3',
358 silly addNameRange     '3.4.0',
358 silly addNameRange     '2.9.4',
358 silly addNameRange     '2.9.5',
358 silly addNameRange     '3.5.0',
358 silly addNameRange     '3.5.1',
358 silly addNameRange     '3.5.2',
358 silly addNameRange     '3.5.3',
358 silly addNameRange     '2.9.6',
358 silly addNameRange     '2.9.7',
358 silly addNameRange     '3.5.4',
358 silly addNameRange     '3.5.5',
358 silly addNameRange     '2.9.8',
358 silly addNameRange     '2.9.9',
358 silly addNameRange     '3.5.6',
358 silly addNameRange     '3.5.7',
358 silly addNameRange     '3.5.8',
358 silly addNameRange     '2.9.10',
358 silly addNameRange     '3.5.9',
358 silly addNameRange     '3.6.2',
358 silly addNameRange     '3.5.10',
358 silly addNameRange     '3.6.3',
358 silly addNameRange     '3.5.11',
358 silly addNameRange     '3.6.4',
358 silly addNameRange     '3.6.5',
358 silly addNameRange     '3.6.6',
358 silly addNameRange     '3.6.7',
358 silly addNameRange     '3.5.12',
358 silly addNameRange     '3.6.8',
358 silly addNameRange     '3.6.9',
358 silly addNameRange     '3.6.10',
358 silly addNameRange     '3.5.13',
358 silly addNameRange     '3.5.14',
358 silly addNameRange     '3.6.11',
358 silly addNameRange     '3.6.12',
358 silly addNameRange     '3.6.13',
358 silly addNameRange     '3.6.14',
358 silly addNameRange     '3.6.15',
358 silly addNameRange     '3.5.15',
358 silly addNameRange     '3.7.0',
358 silly addNameRange     '3.6.16',
358 silly addNameRange     '3.5.16',
358 silly addNameRange     '3.6.17',
358 silly addNameRange     '3.7.2',
358 silly addNameRange     '3.0.0-alpha1',
358 silly addNameRange     '3.0.0-alpha2',
358 silly addNameRange     '3.0.0-rc0',
358 silly addNameRange     '3.6.0-rc0',
358 silly addNameRange     '3.6.0-rc1',
358 silly addNameRange     '3.6.18',
358 silly addNameRange     '3.7.3',
358 silly addNameRange     '3.6.19',
358 silly addNameRange     '3.6.20',
358 silly addNameRange     '3.7.4',
358 silly addNameRange     '3.8.0',
358 silly addNameRange     '3.8.1',
358 silly addNameRange     '3.8.2',
358 silly addNameRange     '3.8.3',
358 silly addNameRange     '3.8.4',
358 silly addNameRange     '3.8.5',
358 silly addNameRange     '3.8.6',
358 silly addNameRange     '3.8.7',
358 silly addNameRange     '3.8.8',
358 silly addNameRange     '3.8.9',
358 silly addNameRange     '3.8.10',
358 silly addNameRange     '3.8.11',
358 silly addNameRange     '3.9.0',
358 silly addNameRange     '3.8.12',
358 silly addNameRange     '3.8.13',
358 silly addNameRange     '3.8.14',
358 silly addNameRange     '3.8.15',
358 silly addNameRange     '3.9.1',
358 silly addNameRange     '3.8.16',
358 silly addNameRange     '3.9.2',
358 silly addNameRange     '3.8.17',
358 silly addNameRange     '3.9.3',
358 silly addNameRange     '3.8.18',
358 silly addNameRange     '3.9.4',
358 silly addNameRange     '3.8.19',
358 silly addNameRange     '3.9.5',
358 silly addNameRange     '3.8.20',
358 silly addNameRange     '3.9.6',
358 silly addNameRange     '3.8.21',
358 silly addNameRange     '3.9.7',
358 silly addNameRange     '3.8.22',
358 silly addNameRange     '4.0.0-rc0',
358 silly addNameRange     '4.0.0-rc1',
358 silly addNameRange     '3.8.23',
358 silly addNameRange     '4.0.0-rc2',
358 silly addNameRange     '3.8.24',
358 silly addNameRange     '4.0.0-rc3',
358 silly addNameRange     '3.8.25',
358 silly addNameRange     '4.0.0-rc4' ] ]
359 verbose addNamed [ 'mongoose', '3.8.25' ]
360 verbose addNamed [ '3.8.25', '3.8.25' ]
361 silly lockFile 4fa33961-mongoose-3-8-25 mongoose@3.8.25
362 verbose lock mongoose@3.8.25 /Users/user/.npm/4fa33961-mongoose-3-8-25.lock
363 info retry fetch attempt 1 at 16:47:52
364 verbose fetch to= /var/folders/mr/fbl_689n1jbgvg5ssgdjfdxh0000gp/T/npm-4075-ZUmgA0hr/registry.npmjs.org/lodash/-/lodash-3.4.0.tgz
365 http GET https://registry.npmjs.org/lodash/-/lodash-3.4.0.tgz
366 silly lockFile 6e9a6da7--http-error-http-error-0-0-5-tgz https://registry.npmjs.org/http-error/-/http-error-0.0.5.tgz
367 verbose lock https://registry.npmjs.org/http-error/-/http-error-0.0.5.tgz /Users/user/.npm/6e9a6da7--http-error-http-error-0-0-5-tgz.lock
368 verbose addRemoteTarball [ 'https://registry.npmjs.org/http-error/-/http-error-0.0.5.tgz',
368 verbose addRemoteTarball   'c2985fb397afd342f60a8ec809043e2903f36abd' ]
369 silly lockFile 1b993610-org-mongoose-mongoose-3-8-25-tgz https://registry.npmjs.org/mongoose/-/mongoose-3.8.25.tgz
370 verbose lock https://registry.npmjs.org/mongoose/-/mongoose-3.8.25.tgz /Users/user/.npm/1b993610-org-mongoose-mongoose-3-8-25-tgz.lock
371 info retry fetch attempt 1 at 16:47:52
372 verbose fetch to= /var/folders/mr/fbl_689n1jbgvg5ssgdjfdxh0000gp/T/npm-4075-ZUmgA0hr/registry.npmjs.org/http-error/-/http-error-0.0.5.tgz
373 verbose addRemoteTarball [ 'https://registry.npmjs.org/mongoose/-/mongoose-3.8.25.tgz',
373 verbose addRemoteTarball   'f440c47bd628c2c398464f83e526148eeb829089' ]
374 http GET https://registry.npmjs.org/http-error/-/http-error-0.0.5.tgz
375 info retry fetch attempt 1 at 16:47:52
376 verbose fetch to= /var/folders/mr/fbl_689n1jbgvg5ssgdjfdxh0000gp/T/npm-4075-ZUmgA0hr/registry.npmjs.org/mongoose/-/mongoose-3.8.25.tgz
377 http GET https://registry.npmjs.org/mongoose/-/mongoose-3.8.25.tgz
378 http 200 https://registry.npmjs.org/frisby/-/frisby-0.8.5.tgz
379 http 200 https://registry.npmjs.org/node-dev/-/node-dev-2.6.1.tgz
380 http 200 https://registry.npmjs.org/matchdep/-/matchdep-0.3.0.tgz
381 silly lockFile b3ab47e3--org-node-dev-node-dev-2-6-1-tgz https://registry.npmjs.org/node-dev/-/node-dev-2.6.1.tgz
382 silly lockFile b3ab47e3--org-node-dev-node-dev-2-6-1-tgz https://registry.npmjs.org/node-dev/-/node-dev-2.6.1.tgz
383 silly lockFile 3763861f--org-matchdep-matchdep-0-3-0-tgz https://registry.npmjs.org/matchdep/-/matchdep-0.3.0.tgz
384 silly lockFile 3763861f--org-matchdep-matchdep-0-3-0-tgz https://registry.npmjs.org/matchdep/-/matchdep-0.3.0.tgz
385 silly lockFile 7a9b929b-node-dev-2-6-1 node-dev@2.6.1
386 silly lockFile 7a9b929b-node-dev-2-6-1 node-dev@2.6.1
387 silly lockFile a9c62364-matchdep-0-3-0 matchdep@0.3.0
388 silly lockFile a9c62364-matchdep-0-3-0 matchdep@0.3.0
389 silly lockFile 564b1059-node-dev-2-6-1 node-dev@^2.6.1
390 silly lockFile 564b1059-node-dev-2-6-1 node-dev@^2.6.1
391 silly lockFile 929cf857-matchdep-0-3-0 matchdep@^0.3.0
392 silly lockFile 929cf857-matchdep-0-3-0 matchdep@^0.3.0
393 http 200 https://registry.npmjs.org/grunt-jsdoc/-/grunt-jsdoc-0.5.8.tgz
394 silly lockFile d85d62c5-pmjs-org-frisby-frisby-0-8-5-tgz https://registry.npmjs.org/frisby/-/frisby-0.8.5.tgz
395 silly lockFile d85d62c5-pmjs-org-frisby-frisby-0-8-5-tgz https://registry.npmjs.org/frisby/-/frisby-0.8.5.tgz
396 silly lockFile ffa33f37-frisby-0-8-5 frisby@0.8.5
397 silly lockFile ffa33f37-frisby-0-8-5 frisby@0.8.5
398 silly lockFile 9ff7542f-frisby-0-8-5 frisby@^0.8.5
399 silly lockFile 9ff7542f-frisby-0-8-5 frisby@^0.8.5
400 silly lockFile 41f0b9fa-runt-jsdoc-grunt-jsdoc-0-5-8-tgz https://registry.npmjs.org/grunt-jsdoc/-/grunt-jsdoc-0.5.8.tgz
401 silly lockFile 41f0b9fa-runt-jsdoc-grunt-jsdoc-0-5-8-tgz https://registry.npmjs.org/grunt-jsdoc/-/grunt-jsdoc-0.5.8.tgz
402 silly lockFile 202145e2-grunt-jsdoc-0-5-8 grunt-jsdoc@0.5.8
403 silly lockFile 202145e2-grunt-jsdoc-0-5-8 grunt-jsdoc@0.5.8
404 silly lockFile 7d9fb62a-grunt-jsdoc-0-5-8 grunt-jsdoc@~0.5.8
405 silly lockFile 7d9fb62a-grunt-jsdoc-0-5-8 grunt-jsdoc@~0.5.8
406 http 200 https://registry.npmjs.org/debug/-/debug-2.1.3.tgz
407 silly lockFile 870fad9a--npmjs-org-debug-debug-2-1-3-tgz https://registry.npmjs.org/debug/-/debug-2.1.3.tgz
408 silly lockFile 870fad9a--npmjs-org-debug-debug-2-1-3-tgz https://registry.npmjs.org/debug/-/debug-2.1.3.tgz
409 silly lockFile aef7a5b5-debug-2-1-3 debug@2.1.3
410 silly lockFile aef7a5b5-debug-2-1-3 debug@2.1.3
411 silly lockFile ad3870f8-debug-2-1-2 debug@^2.1.2
412 silly lockFile ad3870f8-debug-2-1-2 debug@^2.1.2
413 http 200 https://registry.npmjs.org/body-parser/-/body-parser-1.12.2.tgz
414 silly lockFile 9a22e482-dy-parser-body-parser-1-12-2-tgz https://registry.npmjs.org/body-parser/-/body-parser-1.12.2.tgz
415 silly lockFile 9a22e482-dy-parser-body-parser-1-12-2-tgz https://registry.npmjs.org/body-parser/-/body-parser-1.12.2.tgz
416 silly lockFile 76f09536-body-parser-1-12-2 body-parser@1.12.2
417 silly lockFile 76f09536-body-parser-1-12-2 body-parser@1.12.2
418 silly lockFile 56e67e75-body-parser-1-12-0 body-parser@^1.12.0
419 silly lockFile 56e67e75-body-parser-1-12-0 body-parser@^1.12.0
420 http 200 https://registry.npmjs.org/jasmine/-/jasmine-2.2.1.tgz
421 silly lockFile 487e5eb5-js-org-jasmine-jasmine-2-2-1-tgz https://registry.npmjs.org/jasmine/-/jasmine-2.2.1.tgz
422 silly lockFile 487e5eb5-js-org-jasmine-jasmine-2-2-1-tgz https://registry.npmjs.org/jasmine/-/jasmine-2.2.1.tgz
423 silly lockFile fb2ebf84-jasmine-2-2-1 jasmine@2.2.1
424 silly lockFile fb2ebf84-jasmine-2-2-1 jasmine@2.2.1
425 silly lockFile 3fc58c6d-jasmine-2-2-1 jasmine@^2.2.1
426 silly lockFile 3fc58c6d-jasmine-2-2-1 jasmine@^2.2.1
427 http 200 https://registry.npmjs.org/express
428 silly registry.get cb [ 200,
428 silly registry.get   { date: 'Wed, 18 Mar 2015 22:47:52 GMT',
428 silly registry.get     server: 'CouchDB/1.5.0 (Erlang OTP/R16B03)',
428 silly registry.get     etag: '"C1S86UJ6DRXSOTM9TLD4ABQR2"',
428 silly registry.get     'content-type': 'application/json',
428 silly registry.get     'cache-control': 'max-age=60',
428 silly registry.get     'content-length': '491495',
428 silly registry.get     'accept-ranges': 'bytes',
428 silly registry.get     via: '1.1 varnish',
428 silly registry.get     age: '51',
428 silly registry.get     'x-served-by': 'cache-lax1426-LAX',
428 silly registry.get     'x-cache': 'HIT',
428 silly registry.get     'x-cache-hits': '1',
428 silly registry.get     'x-timer': 'S1426718872.576888,VS0,VE2',
428 silly registry.get     vary: 'Accept',
428 silly registry.get     'keep-alive': 'timeout=10, max=49',
428 silly registry.get     connection: 'Keep-Alive' } ]
429 http 200 https://registry.npmjs.org/http-error/-/http-error-0.0.5.tgz
430 http 200 https://registry.npmjs.org/sqlite3/-/sqlite3-3.0.5.tgz
431 http 200 https://registry.npmjs.org/lodash/-/lodash-3.4.0.tgz
432 http 200 https://registry.npmjs.org/mongoose/-/mongoose-3.8.25.tgz
433 silly addNameRange number 2 { name: 'express', range: '>=4.12.2-0 <5.0.0-0', hasData: true }
434 silly addNameRange versions [ 'express',
434 silly addNameRange   [ '0.14.0',
434 silly addNameRange     '0.14.1',
434 silly addNameRange     '1.0.0',
434 silly addNameRange     '1.0.1',
434 silly addNameRange     '1.0.2',
434 silly addNameRange     '1.0.3',
434 silly addNameRange     '1.0.4',
434 silly addNameRange     '1.0.5',
434 silly addNameRange     '1.0.6',
434 silly addNameRange     '1.0.7',
434 silly addNameRange     '1.0.8',
434 silly addNameRange     '2.0.0',
434 silly addNameRange     '2.1.0',
434 silly addNameRange     '2.1.1',
434 silly addNameRange     '2.2.0',
434 silly addNameRange     '2.2.1',
434 silly addNameRange     '2.2.2',
434 silly addNameRange     '2.3.0',
434 silly addNameRange     '2.3.1',
434 silly addNameRange     '2.3.2',
434 silly addNameRange     '2.3.3',
434 silly addNameRange     '2.3.4',
434 silly addNameRange     '2.3.5',
434 silly addNameRange     '2.3.6',
434 silly addNameRange     '2.3.7',
434 silly addNameRange     '2.3.8',
434 silly addNameRange     '2.3.9',
434 silly addNameRange     '2.3.10',
434 silly addNameRange     '2.3.11',
434 silly addNameRange     '2.3.12',
434 silly addNameRange     '2.4.0',
434 silly addNameRange     '2.4.1',
434 silly addNameRange     '2.4.2',
434 silly addNameRange     '2.4.3',
434 silly addNameRange     '2.4.4',
434 silly addNameRange     '2.4.5',
434 silly addNameRange     '2.4.6',
434 silly addNameRange     '2.4.7',
434 silly addNameRange     '2.5.0',
434 silly addNameRange     '2.5.1',
434 silly addNameRange     '2.5.2',
434 silly addNameRange     '2.5.3',
434 silly addNameRange     '2.5.4',
434 silly addNameRange     '2.5.5',
434 silly addNameRange     '2.5.6',
434 silly addNameRange     '2.5.7',
434 silly addNameRange     '2.5.8',
434 silly addNameRange     '2.5.9',
434 silly addNameRange     '2.5.10',
434 silly addNameRange     '2.5.11',
434 silly addNameRange     '3.0.0',
434 silly addNameRange     '3.0.1',
434 silly addNameRange     '3.0.2',
434 silly addNameRange     '3.0.3',
434 silly addNameRange     '3.0.4',
434 silly addNameRange     '3.0.5',
434 silly addNameRange     '3.0.6',
434 silly addNameRange     '3.1.0',
434 silly addNameRange     '3.1.1',
434 silly addNameRange     '3.1.2',
434 silly addNameRange     '3.2.0',
434 silly addNameRange     '3.2.1',
434 silly addNameRange     '3.2.2',
434 silly addNameRange     '3.2.3',
434 silly addNameRange     '3.2.4',
434 silly addNameRange     '3.2.5',
434 silly addNameRange     '3.2.6',
434 silly addNameRange     '3.3.0',
434 silly addNameRange     '3.3.1',
434 silly addNameRange     '3.3.2',
434 silly addNameRange     '3.3.3',
434 silly addNameRange     '3.3.4',
434 silly addNameRange     '3.3.5',
434 silly addNameRange     '3.3.6',
434 silly addNameRange     '1.0.0-beta',
434 silly addNameRange     '1.0.0-beta2',
434 silly addNameRange     '1.0.0-rc',
434 silly addNameRange     '1.0.0-rc2',
434 silly addNameRange     '1.0.0-rc3',
434 silly addNameRange     '1.0.0-rc4',
434 silly addNameRange     '2.0.0-beta',
434 silly addNameRange     '2.0.0-beta2',
434 silly addNameRange     '2.0.0-beta3',
434 silly addNameRange     '2.0.0-rc',
434 silly addNameRange     '2.0.0-rc2',
434 silly addNameRange     '2.0.0-rc3',
434 silly addNameRange     '3.0.0-alpha1',
434 silly addNameRange     '3.0.0-alpha2',
434 silly addNameRange     '3.0.0-alpha3',
434 silly addNameRange     '3.0.0-alpha4',
434 silly addNameRange     '3.0.0-alpha5',
434 silly addNameRange     '3.0.0-beta1',
434 silly addNameRange     '3.0.0-beta2',
434 silly addNameRange     '3.0.0-beta3',
434 silly addNameRange     '3.0.0-beta4',
434 silly addNameRange     '3.0.0-beta6',
434 silly addNameRange     '3.0.0-beta7',
434 silly addNameRange     '3.0.0-rc1',
434 silly addNameRange     '3.0.0-rc2',
434 silly addNameRange     '3.0.0-rc3',
434 silly addNameRange     '3.0.0-rc4',
434 silly addNameRange     '3.0.0-rc5',
434 silly addNameRange     '3.3.7',
434 silly addNameRange     '3.3.8',
434 silly addNameRange     '3.4.0',
434 silly addNameRange     '3.4.1',
434 silly addNameRange     '3.4.2',
434 silly addNameRange     '3.4.3',
434 silly addNameRange     '3.4.4',
434 silly addNameRange     '3.4.5',
434 silly addNameRange     '3.4.6',
434 silly addNameRange     '3.4.7',
434 silly addNameRange     '3.4.8',
434 silly addNameRange     '4.0.0-rc1',
434 silly addNameRange     '4.0.0-rc2',
434 silly addNameRange     '3.5.0',
434 silly addNameRange     '4.0.0-rc3',
434 silly addNameRange     '4.0.0-rc4',
434 silly addNameRange     '3.5.1',
434 silly addNameRange     '4.0.0',
434 silly addNameRange     '3.5.2',
434 silly addNameRange     '4.1.0',
434 silly addNameRange     '4.1.1',
434 silly addNameRange     '3.5.3',
434 silly addNameRange     '4.1.2',
434 silly addNameRange     '3.6.0',
434 silly addNameRange     '4.2.0',
434 silly addNameRange     '3.7.0',
434 silly addNameRange     '3.8.0',
434 silly addNameRange     '4.3.0',
434 silly addNameRange     '4.3.1',
434 silly addNameRange     '3.8.1',
434 silly addNameRange     '4.3.2',
434 silly addNameRange     '3.9.0',
434 silly addNameRange     '4.4.0',
434 silly addNameRange     '4.4.1',
434 silly addNameRange     '3.10.0',
434 silly addNameRange     '3.10.1',
434 silly addNameRange     '3.10.2',
434 silly addNameRange     '3.10.3',
434 silly addNameRange     '3.10.4',
434 silly addNameRange     '4.4.2',
434 silly addNameRange     '3.10.5',
434 silly addNameRange     '4.4.3',
434 silly addNameRange     '3.11.0',
434 silly addNameRange     '4.4.4',
434 silly addNameRange     '3.12.0',
434 silly addNameRange     '3.12.1',
434 silly addNameRange     '4.4.5',
434 silly addNameRange     '3.13.0',
434 silly addNameRange     '4.5.0',
434 silly addNameRange     '4.5.1',
434 silly addNameRange     '3.14.0',
434 silly addNameRange     '4.6.0',
434 silly addNameRange     '4.6.1',
434 silly addNameRange     '3.15.0',
434 silly addNameRange     '4.7.0',
434 silly addNameRange     '3.15.1',
434 silly addNameRange     '4.7.1',
434 silly addNameRange     '3.15.2',
434 silly addNameRange     '4.7.2',
434 silly addNameRange     '4.7.3',
434 silly addNameRange     '3.15.3',
434 silly addNameRange     '4.7.4',
434 silly addNameRange     '3.16.0',
434 silly addNameRange     '4.8.0',
434 silly addNameRange     '3.16.1',
434 silly addNameRange     '4.8.1',
434 silly addNameRange     '3.16.2',
434 silly addNameRange     '4.8.2',
434 silly addNameRange     '3.16.3',
434 silly addNameRange     '3.16.4',
434 silly addNameRange     '4.8.3',
434 silly addNameRange     '3.16.5',
434 silly addNameRange     '3.16.6',
434 silly addNameRange     '4.8.4',
434 silly addNameRange     '3.16.7',
434 silly addNameRange     '4.8.5',
434 silly addNameRange     '3.16.8',
434 silly addNameRange     '4.8.6',
434 silly addNameRange     '3.16.9',
434 silly addNameRange     '4.8.7',
434 silly addNameRange     '3.16.10',
434 silly addNameRange     '4.8.8',
434 silly addNameRange     '3.17.0',
434 silly addNameRange     '3.17.1',
434 silly addNameRange     '4.9.0',
434 silly addNameRange     '3.17.2',
434 silly addNameRange     '4.9.1',
434 silly addNameRange     '4.9.2',
434 silly addNameRange     '3.17.3',
434 silly addNameRange     '4.9.3',
434 silly addNameRange     '3.17.4',
434 silly addNameRange     '4.9.4',
434 silly addNameRange     '3.17.5',
434 silly addNameRange     '4.9.5',
434 silly addNameRange     '3.17.6',
434 silly addNameRange     '3.17.7',
434 silly addNameRange     '4.9.6',
434 silly addNameRange     '4.9.7',
434 silly addNameRange     '3.17.8',
434 silly addNameRange     '4.9.8',
434 silly addNameRange     '3.18.0',
434 silly addNameRange     '3.18.1',
434 silly addNameRange     '4.10.0',
434 silly addNameRange     '3.18.2',
434 silly addNameRange     '4.10.1',
434 silly addNameRange     '5.0.0-alpha.1',
434 silly addNameRange     '3.18.3',
434 silly addNameRange     '4.10.2',
434 silly addNameRange     '3.18.4',
434 silly addNameRange     '4.10.3',
434 silly addNameRange     '4.10.4',
434 silly addNameRange     '4.10.5',
434 silly addNameRange     '3.18.5',
434 silly addNameRange     '3.18.6',
434 silly addNameRange     '4.10.6',
434 silly addNameRange     '4.10.7',
434 silly addNameRange     '3.19.0',
434 silly addNameRange     '4.10.8',
434 silly addNameRange     '4.11.0',
434 silly addNameRange     '3.19.1',
434 silly addNameRange     '4.11.1',
434 silly addNameRange     '3.19.2',
434 silly addNameRange     '4.11.2',
434 silly addNameRange     '3.20.0',
434 silly addNameRange     '4.12.0',
434 silly addNameRange     '3.20.1',
434 silly addNameRange     '4.12.1',
434 silly addNameRange     '4.12.2',
434 silly addNameRange     '3.20.2',
434 silly addNameRange     '4.12.3' ] ]
435 verbose addNamed [ 'express', '4.12.3' ]
436 verbose addNamed [ '4.12.3', '4.12.3' ]
437 silly lockFile 0b3fc563-express-4-12-3 express@4.12.3
438 verbose lock express@4.12.3 /Users/user/.npm/0b3fc563-express-4-12-3.lock
439 silly lockFile c3db49de-s-org-express-express-4-12-3-tgz https://registry.npmjs.org/express/-/express-4.12.3.tgz
440 verbose lock https://registry.npmjs.org/express/-/express-4.12.3.tgz /Users/user/.npm/c3db49de-s-org-express-express-4-12-3-tgz.lock
441 verbose addRemoteTarball [ 'https://registry.npmjs.org/express/-/express-4.12.3.tgz',
441 verbose addRemoteTarball   '6b9d94aec5ae03270d86d390c277a8c5a5ad0ee2' ]
442 info retry fetch attempt 1 at 16:47:52
443 verbose fetch to= /var/folders/mr/fbl_689n1jbgvg5ssgdjfdxh0000gp/T/npm-4075-ZUmgA0hr/registry.npmjs.org/express/-/express-4.12.3.tgz
444 http GET https://registry.npmjs.org/express/-/express-4.12.3.tgz
445 silly lockFile 6e9a6da7--http-error-http-error-0-0-5-tgz https://registry.npmjs.org/http-error/-/http-error-0.0.5.tgz
446 silly lockFile 6e9a6da7--http-error-http-error-0-0-5-tgz https://registry.npmjs.org/http-error/-/http-error-0.0.5.tgz
447 silly lockFile 3b47d069-http-error-0-0-5 http-error@0.0.5
448 silly lockFile 3b47d069-http-error-0-0-5 http-error@0.0.5
449 silly lockFile 1b993610-org-mongoose-mongoose-3-8-25-tgz https://registry.npmjs.org/mongoose/-/mongoose-3.8.25.tgz
450 silly lockFile 1b993610-org-mongoose-mongoose-3-8-25-tgz https://registry.npmjs.org/mongoose/-/mongoose-3.8.25.tgz
451 silly lockFile 4fa33961-mongoose-3-8-25 mongoose@3.8.25
452 silly lockFile 4fa33961-mongoose-3-8-25 mongoose@3.8.25
453 silly lockFile 4c067df3-mongoose-3-8-24 mongoose@^3.8.24
454 silly lockFile 4c067df3-mongoose-3-8-24 mongoose@^3.8.24
455 silly lockFile 2c694969-pmjs-org-lodash-lodash-3-4-0-tgz https://registry.npmjs.org/lodash/-/lodash-3.4.0.tgz
456 silly lockFile 2c694969-pmjs-org-lodash-lodash-3-4-0-tgz https://registry.npmjs.org/lodash/-/lodash-3.4.0.tgz
457 silly lockFile 7c90aed0-lodash-3-4-0 lodash@3.4.0
458 silly lockFile 7c90aed0-lodash-3-4-0 lodash@3.4.0
459 silly lockFile 18822c68-lodash-3-4-0 lodash@~3.4.0
460 silly lockFile 18822c68-lodash-3-4-0 lodash@~3.4.0
461 http 200 https://registry.npmjs.org/express/-/express-4.12.3.tgz
462 silly lockFile c3db49de-s-org-express-express-4-12-3-tgz https://registry.npmjs.org/express/-/express-4.12.3.tgz
463 silly lockFile c3db49de-s-org-express-express-4-12-3-tgz https://registry.npmjs.org/express/-/express-4.12.3.tgz
464 silly lockFile 0b3fc563-express-4-12-3 express@4.12.3
465 silly lockFile 0b3fc563-express-4-12-3 express@4.12.3
466 silly lockFile 4a9dd575-express-4-12-2 express@^4.12.2
467 silly lockFile 4a9dd575-express-4-12-2 express@^4.12.2
468 silly lockFile 81f41acb-js-org-sqlite3-sqlite3-3-0-5-tgz https://registry.npmjs.org/sqlite3/-/sqlite3-3.0.5.tgz
469 silly lockFile 81f41acb-js-org-sqlite3-sqlite3-3-0-5-tgz https://registry.npmjs.org/sqlite3/-/sqlite3-3.0.5.tgz
470 silly lockFile 04db0617-sqlite3-3-0-5 sqlite3@3.0.5
471 silly lockFile 04db0617-sqlite3-3-0-5 sqlite3@3.0.5
472 silly lockFile d6e0bc02-sqlite3-3-0-5 sqlite3@^3.0.5
473 silly lockFile d6e0bc02-sqlite3-3-0-5 sqlite3@^3.0.5
474 error Error: EACCES, mkdir '/Users/user/.npm/lodash/3.4.0'
474 error  { [Error: EACCES, mkdir '/Users/user/.npm/lodash/3.4.0']
474 error   errno: 3,
474 error   code: 'EACCES',
474 error   path: '/Users/user/.npm/lodash/3.4.0',
474 error   parent: 'node-server-boilerplate' }
475 error Please try running this command again as root/Administrator.
476 error System Darwin 11.4.2
477 error command "node" "/usr/local/bin/npm" "install"
478 error cwd /Users/user/Desktop/catan-node-server
479 error node -v v0.10.33
480 error npm -v 1.4.28
481 error path /Users/user/.npm/lodash/3.4.0
482 error code EACCES
483 error errno 3
484 error stack Error: EACCES, mkdir '/Users/user/.npm/lodash/3.4.0'
485 verbose exit [ 3, true ]
